************* Module /home/mkolman/devel/anaconda/make_a_man.py
E0401(import-error):  3,0: : Unable to import 'build_manpage.py'
W0611(unused-import):  3,0: : Unused import build_manpage.py
************* Module /home/mkolman/devel/anaconda/test.py
E1102(not-callable): 12,6: : f.bar is not callable
************* Module /home/mkolman/devel/anaconda/docs/conf.py
E0401(import-error):322,4: : Unable to import 'sphinx_rtd_theme'
************* Module /home/mkolman/devel/anaconda/anaconda.py
E1101(no-member):642,12: : Instance of 'InstallerStorage' has no 'disk_images' member
************* Module /home/mkolman/devel/anaconda/pyanaconda/kickstart.py
E1101(no-member):643,52: ClearPart.parse: Class 'DiskLabel' has no 'get_platform_label_types' member
E1101(no-member):685,19: ClearPart.execute: Class 'DiskLabel' has no 'set_default_label_type' member
E1101(no-member):687,93: ClearPart.execute: Class 'DiskLabel' has no 'get_platform_label_types' member
************* Module /home/mkolman/devel/anaconda/pyanaconda/build_manpage.py
W0201(attribute-defined-outside-init): 75,12: BuildManPage.finalize_options: Attribute '_parser' defined outside __init__
W0201(attribute-defined-outside-init): 81,8: BuildManPage.finalize_options: Attribute '_today' defined outside __init__
E1101(no-member):158,15: ManPageFormatter._get_formatter: Instance of 'ManPageFormatter' has no 'formatter_class' member
E1101(no-member):158,41: ManPageFormatter._get_formatter: Instance of 'ManPageFormatter' has no 'prog' member; maybe '_prog'?
W0107(unnecessary-pass):273,4: ManPageCreator: Unnecessary pass statement
W0611(unused-import): 47,0: : Unused re imported as _re
************* Module /home/mkolman/devel/anaconda/pyanaconda/bootloader.py
E1101(no-member):364,15: BootLoader.disklabel_types: Class 'DiskLabel' has no 'get_platform_label_types' member
************* Module /home/mkolman/devel/anaconda/pyanaconda/ui/gui/hubs/__init__.py
E0611(no-name-in-module):120,8: Hub._createBox: No name 'AnacondaWidgets' in module 'gi.repository'
************* Module /home/mkolman/devel/anaconda/pyanaconda/ui/gui/__init__.py
E0611(no-name-in-module): 20,0: : No name 'gui' in module 'meh.ui'
E0401(import-error): 20,0: : Unable to import 'meh.ui.gui'
E0611(no-name-in-module): 33,0: : No name 'AnacondaWidgets' in module 'gi.repository'
E0611(no-name-in-module): 33,0: : No name 'Keybinder' in module 'gi.repository'
E1101(no-member):1031,38: GraphicalExceptionHandlingIface: Module 'meh.ui' has no 'gui' member
E1101(no-member):1045,8: GraphicalExceptionHandlingIface.__init__: Module 'meh.ui' has no 'gui' member
E1101(no-member):1050,19: GraphicalExceptionHandlingIface.mainExceptionWindow: Module 'meh.ui' has no 'gui' member
************* Module /home/mkolman/devel/anaconda/pyanaconda/ui/gui/spokes/datetime_spoke.py
E0611(no-name-in-module): 29,0: : No name 'TimezoneMap' in module 'gi.repository'
************* Module /home/mkolman/devel/anaconda/pyanaconda/ui/gui/spokes/storage.py
E0611(no-name-in-module): 45,0: : No name 'AnacondaWidgets' in module 'gi.repository'
E1101(no-member):941,30: StorageSpoke._check_space_and_get_dialog: Class 'DiskLabel' has no 'get_platform_label_types' member
************* Module /home/mkolman/devel/anaconda/pyanaconda/ui/gui/spokes/custom_storage.py
E0611(no-name-in-module): 35,0: : No name 'AnacondaWidgets' in module 'gi.repository'
E0401(import-error): 35,0: : Unable to import 'gi.repository.AnacondaWidgets'
************* Module /home/mkolman/devel/anaconda/pyanaconda/ui/gui/spokes/lib/accordion.py
E0611(no-name-in-module): 33,0: : No name 'AnacondaWidgets' in module 'gi.repository'
E0401(import-error): 33,0: : Unable to import 'gi.repository.AnacondaWidgets'
************* Module /home/mkolman/devel/anaconda/pyanaconda/ui/tui/tuiobject.py
E0611(no-name-in-module): 28,0: : No name 'GetInputScreen' in module 'simpleline.render.adv_widgets'
E0611(no-name-in-module): 28,0: : No name 'GetPasswordInputScreen' in module 'simpleline.render.adv_widgets'
************* Module /home/mkolman/devel/anaconda/pyanaconda/ui/tui/spokes/network.py
E0611(no-name-in-module): 37,0: : No name 'EntryWidget' in module 'simpleline.render.widgets'
************* Module /home/mkolman/devel/anaconda/pyanaconda/ui/tui/spokes/user.py
E0611(no-name-in-module): 34,0: : No name 'EntryWidget' in module 'simpleline.render.widgets'
************* Module /home/mkolman/devel/anaconda/pyanaconda/ui/tui/spokes/installation_source.py
E0611(no-name-in-module): 39,0: : No name 'EntryWidget' in module 'simpleline.render.widgets'
************* Module /home/mkolman/devel/anaconda/pyanaconda/ui/tui/spokes/storage.py
E0611(no-name-in-module): 49,0: : No name 'EntryWidget' in module 'simpleline.render.widgets'
************* Module /home/mkolman/devel/anaconda/pyanaconda/payload/rpmostreepayload.py
E0611(no-name-in-module):147,8: RPMOSTreePayload.install: No name 'RpmOstree' in module 'gi.repository'
************* Module /home/mkolman/devel/anaconda/pyanaconda/storage/autopart.py
E0611(no-name-in-module): 30,0: : No name 'DEFAULT_THPOOL_RESERVE' in module 'blivet.devices.lvm'
************* Module /home/mkolman/devel/anaconda/scripts/anaconda-cleanup
E1123(unexpected-keyword-arg): 81,13: : Unexpected keyword argument 'disk_images' in constructor call
************* Module /home/mkolman/devel/anaconda/tests/pyanaconda_tests/installclass_test.py
E0401(import-error): 22,0: : Unable to import 'mock'
************* Module /home/mkolman/devel/anaconda/tests/pyanaconda_tests/network_test.py
E0401(import-error): 21,0: : Unable to import 'mock'
E0401(import-error): 22,0: : Unable to import 'mock'
************* Module /home/mkolman/devel/anaconda/tests/pyanaconda_tests/timezone_test.py
E0401(import-error): 21,0: : Unable to import 'mock'
************* Module /home/mkolman/devel/anaconda/tests/pyanaconda_tests/password_quality_test.py
W0611(unused-import): 26,0: : Unused import platform
************* Module /home/mkolman/devel/anaconda/tests/pyanaconda_tests/clearpart_test.py
E0401(import-error):  2,0: : Unable to import 'mock'
************* Module /home/mkolman/devel/anaconda/tests/regex_tests/dasd_name_test.py
E0401(import-error): 23,0: : Unable to import 'regexcheck'
************* Module /home/mkolman/devel/anaconda/tests/regex_tests/groupparse_test.py
E0401(import-error): 21,0: : Unable to import 'regexcheck'
************* Module /home/mkolman/devel/anaconda/tests/pyanaconda_tests/iutil_test.py
E0401(import-error): 29,0: : Unable to import 'timer'
************* Module /home/mkolman/devel/anaconda/tests/pyanaconda_tests/storage_test.py
E1101(no-member): 33,12: setupDiskImagesNonZeroSizeTestCase.setUp: Instance of 'InstallerStorage' has no 'disk_images' member
E1101(no-member): 52,18: setupDiskImagesNonZeroSizeTestCase.tearDown: Instance of 'InstallerStorage' has no 'disk_images' member
************* Module /home/mkolman/devel/anaconda/tests/regex_tests/iscsi_name_test.py
E0401(import-error): 19,0: : Unable to import 'regexcheck'
************* Module /home/mkolman/devel/anaconda/tests/regex_tests/hostname_test.py
E0401(import-error): 23,0: : Unable to import 'regexcheck'
************* Module /home/mkolman/devel/anaconda/tests/regex_tests/repo_name_test.py
E0401(import-error): 22,0: : Unable to import 'regexcheck'
************* Module /home/mkolman/devel/anaconda/tests/regex_tests/url_test.py
E0401(import-error): 21,0: : Unable to import 'regexcheck'
************* Module /home/mkolman/devel/anaconda/tests/regex_tests/username_test.py
E0401(import-error): 22,0: : Unable to import 'regexcheck'
************* Module /home/mkolman/devel/anaconda/tests/regex_tests/zfcp_name_test.py
E0401(import-error): 23,0: : Unable to import 'regexcheck'
************* Module /home/mkolman/devel/anaconda/tests/lib/gladecheck.py
E0611(no-name-in-module): 43,0: : No name 'testfilelist' in module 'filelist'
************* Module /home/mkolman/devel/anaconda/tests/glade/check_format_string.py
E0401(import-error): 18,0: : Unable to import 'gladecheck'
************* Module /home/mkolman/devel/anaconda/tests/glade/check_hidden_translatable.py
E0401(import-error): 18,0: : Unable to import 'gladecheck'
************* Module /home/mkolman/devel/anaconda/tests/glade/check_glade_validity.py
E0401(import-error): 18,0: : Unable to import 'gladecheck'
************* Module /home/mkolman/devel/anaconda/tests/glade/check_icons.py
E0401(import-error): 18,0: : Unable to import 'gladecheck'
E0401(import-error): 19,0: : Unable to import 'iconcheck'
************* Module /home/mkolman/devel/anaconda/tests/glade/check_invisible_char.py
E0401(import-error): 18,0: : Unable to import 'gladecheck'
************* Module /home/mkolman/devel/anaconda/tests/glade/check_mnemonics.py
E0401(import-error): 17,0: : Unable to import 'gladecheck'
************* Module /home/mkolman/devel/anaconda/tests/glade/check_markup.py
E0401(import-error): 19,0: : Unable to import 'gladecheck'
************* Module /home/mkolman/devel/anaconda/tests/glade/check_pw_visibility.py
E0401(import-error): 24,0: : Unable to import 'gladecheck'
************* Module /home/mkolman/devel/anaconda/tests/glade/check_viewport.py
E0401(import-error): 18,0: : Unable to import 'gladecheck'
************* Module /home/mkolman/devel/anaconda/tests/glade/run_glade_tests.py
E0401(import-error):  8,0: : Unable to import 'gladecheck'
************* Module /home/mkolman/devel/anaconda/tests/gui/progress.py
E0401(import-error): 18,0: : Unable to import 'dogtail.predicate'
E0401(import-error): 19,0: : Unable to import 'dogtail.utils'
************* Module /home/mkolman/devel/anaconda/tests/gui/base.py
E0401(import-error): 30,0: : Unable to import 'testconfig'
E0401(import-error): 31,0: : Unable to import 'dogtail.config'
E0401(import-error): 32,0: : Unable to import 'dogtail.predicate'
E0401(import-error): 33,0: : Unable to import 'dogtail.tree'
E0401(import-error): 34,0: : Unable to import 'dogtail.utils'
************* Module /home/mkolman/devel/anaconda/tests/gui/rootpassword.py
E0401(import-error): 16,0: : Unable to import 'dogtail.utils'
************* Module /home/mkolman/devel/anaconda/tests/gui/storage.py
E0401(import-error): 16,0: : Unable to import 'dogtail.predicate'
E0401(import-error): 17,0: : Unable to import 'dogtail.utils'
************* Module /home/mkolman/devel/anaconda/tests/gui/summary.py
E0401(import-error): 16,0: : Unable to import 'dogtail.predicate'
E0401(import-error): 17,0: : Unable to import 'dogtail.utils'
************* Module /home/mkolman/devel/anaconda/tests/storage/cases/__init__.py
E1101(no-member):148,12: TestCaseComponent.setupDisks: Instance of 'InstallerStorage' has no 'disk_images' member
E1101(no-member):307,12: ReusingTestCaseComponent.setupDisks: Instance of 'InstallerStorage' has no 'disk_images' member
************* Module /home/mkolman/devel/anaconda/tests/dd_tests/dd_test.py
E0401(import-error): 11,0: : Unable to import 'rpmfluff'
E0401(import-error): 12,0: : Unable to import 'shutup'
************* Module /home/mkolman/devel/anaconda/tests/dracut_tests/test_driver_updates.py
E0401(import-error): 17,0: : Unable to import 'driver_updates'
E0401(import-error): 18,0: : Unable to import 'driver_updates'
E0401(import-error):197,0: : Unable to import 'driver_updates'
E0401(import-error):242,0: : Unable to import 'driver_updates'
E0401(import-error):346,0: : Unable to import 'driver_updates'
E0401(import-error):390,0: : Unable to import 'driver_updates'
E0401(import-error):444,0: : Unable to import 'driver_updates'
E0401(import-error):596,0: : Unable to import 'driver_updates'
E0401(import-error):664,0: : Unable to import 'driver_updates'
E0401(import-error):689,0: : Unable to import 'driver_updates'
E0401(import-error):732,0: : Unable to import 'driver_updates'
E0401(import-error):797,0: : Unable to import 'driver_updates'
E0401(import-error):838,0: : Unable to import 'driver_updates'
************* Module /home/mkolman/devel/anaconda/clean_updates/updates/run/install/updates/pyanaconda/install.py
E0611(no-name-in-module): 25,0: : No name 'progress_report' in module 'pyanaconda.progress'
E0611(no-name-in-module): 33,0: : No name 'threads' in module 'pyanaconda'
E0401(import-error): 33,0: : Unable to import 'pyanaconda.threads'
************* Module /home/mkolman/devel/anaconda/clean_updates/updates/run/install/updates/pyanaconda/packaging/dnfpayload.py
E0611(no-name-in-module): 38,0: : No name 'packaging' in module 'pyanaconda'
E0401(import-error): 38,0: : Unable to import 'pyanaconda.packaging'
W0221(arguments-differ):214,4: DownloadProgress.end: Parameters differ from overridden 'end' method
W0221(arguments-differ):227,4: DownloadProgress.start: Parameters differ from overridden 'start' method
E1101(no-member):414,24: DNFPayload._apply_selections: Instance of 'DNFPayload' has no 'requiredPackages' member
E1101(no-member):906,12: DNFPayload.preInstall: Instance of 'DNFPayload' has no 'requiredPackages' member
W0201(attribute-defined-outside-init):907,8: DNFPayload.preInstall: Attribute 'requiredGroups' defined outside __init__
W0201(attribute-defined-outside-init):972,16: DNFPayload.updateBaseRepo: Attribute 'install_device' defined outside __init__
************* Module /home/mkolman/devel/anaconda/clean_updates/updates/run/install/updates/pyanaconda/network.py
E0611(no-name-in-module): 66,4: setup_ifcfg_log: No name 'anaconda_log' in module 'pyanaconda'
************* Module /home/mkolman/devel/anaconda/clean_updates/updates/run/install/updates/pyanaconda/ui/gui/spokes/blivet_gui.py
E0611(no-name-in-module): 29,0: : No name 'StorageChecker' in module 'pyanaconda.ui.helpers'
W0611(unused-import): 32,0: : Unused CP_ imported from pyanaconda.i18n
W0611(unused-import): 32,0: : Unused C_ imported from pyanaconda.i18n
************* Module /home/mkolman/devel/anaconda/clean_updates/updates/run/install/updates/pyanaconda/kickstart.py
E0611(no-name-in-module): 84,0: : No name 'anaconda_log' in module 'pyanaconda'
E0611(no-name-in-module):268,8: AutoPart.execute: No name 'sanity_check' in module 'pyanaconda.storage_utils'
W0221(arguments-differ):1927,4: Upgrade.parse: Parameters differ from overridden 'parse' method
************* Module /home/mkolman/devel/anaconda/clean_updates/updates/run/install/updates/pyanaconda/ui/gui/spokes/storage.py
E0611(no-name-in-module): 45,0: : No name 'AnacondaWidgets' in module 'gi.repository'
E0611(no-name-in-module): 60,0: : No name 'StorageChecker' in module 'pyanaconda.ui.helpers'
E0611(no-name-in-module): 70,0: : No name 'threads' in module 'pyanaconda'
E0401(import-error): 70,0: : Unable to import 'pyanaconda.threads'
************* Module /home/mkolman/devel/anaconda/clean_updates/updates/usr/lib/python3.5/site-packages/blivetgui/list_devices.py
W9922(unescaped-markup): 75,63: ListDevices.load_disks: Found % in markup with unescaped parameters
W9920(invalid-markup): 79,78: ListDevices.load_disks: Found invalid pango markup
W9920(invalid-markup): 82,74: ListDevices.load_disks: Found invalid pango markup
W9922(unescaped-markup): 95,63: ListDevices.load_group_devices: Found % in markup with unescaped parameters
W9922(unescaped-markup):100,63: ListDevices.load_group_devices: Found % in markup with unescaped parameters
W9922(unescaped-markup):105,63: ListDevices.load_group_devices: Found % in markup with unescaped parameters
************* Module /home/mkolman/devel/anaconda/clean_updates/updates/usr/lib/python3.5/site-packages/blivetgui/processing_window.py
W9922(unescaped-markup):153,44: ProcessingActions.stop: Found % in markup with unescaped parameters
************* Module /home/mkolman/devel/anaconda/clean_updates/updates/usr/lib/python3.5/site-packages/blivetgui/list_actions.py
W9922(unescaped-markup): 98,17: ListActions.append: Found % in markup with unescaped parameters
W9922(unescaped-markup):121,53: ListActions.pop: Found % in markup with unescaped parameters
************* Module /home/mkolman/devel/anaconda/clean_updates/updates/usr/lib/python3.5/site-packages/blivetgui/communication/errors.py
W0235(useless-super-delegation): 27,4: CommunicationError.__init__: Useless super delegation in method '__init__'
************* Module /home/mkolman/devel/anaconda/clean_updates/updates/usr/lib/python3.5/site-packages/blivetgui/visualization/rectangle.py
W9922(unescaped-markup): 50,70: Rectangle.__init__: Found % in markup with unescaped parameters
W9922(unescaped-markup): 50,88: Rectangle.__init__: Found % in markup with unescaped parameters
************* Module /home/mkolman/devel/anaconda/clean_updates/updates/usr/lib/python3.5/site-packages/blivetgui/dialogs/device_info_dialog.py
W9922(unescaped-markup):168,37: DeviceInformationDialog.add_device_info: Found % in markup with unescaped parameters
W9922(unescaped-markup):171,56: DeviceInformationDialog.add_device_info: Found % in markup with unescaped parameters
W9922(unescaped-markup):203,56: DeviceInformationDialog.add_format_info: Found % in markup with unescaped parameters
W9922(unescaped-markup):235,59: DeviceInformationDialog.add_parents_info: Found % in markup with unescaped parameters
************* Module /home/mkolman/devel/anaconda/clean_updates/updates/usr/lib/python3.5/site-packages/blivetgui/dialogs/edit_dialog.py
W9922(unescaped-markup): 80,48: ResizeDialog._add_resize_info: Found % in markup with unescaped parameters
************* Module /home/mkolman/devel/anaconda/clean_updates/updates/usr/lib/python3.5/site-packages/blivetgui/dialogs/message_dialogs.py
W9920(invalid-markup):166,31: ConfirmDialog.__init__: Found invalid pango markup
W9920(invalid-markup):205,31: ConfirmActionsDialog.__init__: Found invalid pango markup
************* Module /home/mkolman/devel/anaconda/updates_vtrefny/run/install/updates/pyanaconda/display.py
E0611(no-name-in-module): 41,0: : No name 'App' in module 'pyanaconda.ui.tui.simpleline'
************* Module /home/mkolman/devel/anaconda/updates_vtrefny/run/install/updates/pyanaconda/anaconda.py
E0611(no-name-in-module): 91,12: Anaconda.instClass: No name 'DefaultInstall' in module 'pyanaconda.installclass'
E0611(no-name-in-module):119,20: Anaconda.payload: No name 'packaging' in module 'pyanaconda'
E0401(import-error):119,20: Anaconda.payload: Unable to import 'pyanaconda.packaging.rpmostreepayload'
E0611(no-name-in-module):122,20: Anaconda.payload: No name 'packaging' in module 'pyanaconda'
E0401(import-error):122,20: Anaconda.payload: Unable to import 'pyanaconda.packaging.livepayload'
E0611(no-name-in-module):125,20: Anaconda.payload: No name 'packaging' in module 'pyanaconda'
E0401(import-error):125,20: Anaconda.payload: Unable to import 'pyanaconda.packaging.livepayload'
E0611(no-name-in-module):128,20: Anaconda.payload: No name 'packaging' in module 'pyanaconda'
E0401(import-error):128,20: Anaconda.payload: Unable to import 'pyanaconda.packaging.dnfpayload'
************* Module /home/mkolman/devel/anaconda/updates_vtrefny/run/install/updates/pyanaconda/bootloader.py
E0611(no-name-in-module): 38,0: : No name 'packaging' in module 'pyanaconda'
E0401(import-error): 38,0: : Unable to import 'pyanaconda.packaging.rpmostreepayload'
W0221(arguments-differ):143,4: Arguments.update: Parameters differ from overridden 'update' method
W0235(useless-super-delegation):1421,4: GRUB2.__init__: Useless super delegation in method '__init__'
W0235(useless-super-delegation):2338,4: EXTLINUX.write_config: Useless super delegation in method 'write_config'
************* Module /home/mkolman/devel/anaconda/updates_vtrefny/run/install/updates/pyanaconda/install.py
E0611(no-name-in-module): 33,0: : No name 'threads' in module 'pyanaconda'
E0401(import-error): 33,0: : Unable to import 'pyanaconda.threads'
E0611(no-name-in-module): 37,0: : No name 'install_tasks' in module 'pyanaconda'
E0401(import-error): 37,0: : Unable to import 'pyanaconda.install_tasks'
************* Module /home/mkolman/devel/anaconda/updates_vtrefny/run/install/updates/pyanaconda/iutil.py
E0611(no-name-in-module): 62,0: : No name 'anaconda_log' in module 'pyanaconda'
E0401(import-error): 62,0: : Unable to import 'pyanaconda.anaconda_log'
************* Module /home/mkolman/devel/anaconda/updates_vtrefny/run/install/updates/pyanaconda/exception.py
E0611(no-name-in-module): 36,0: : No name 'threads' in module 'pyanaconda'
E0401(import-error): 36,0: : Unable to import 'pyanaconda.threads'
E0611(no-name-in-module):366,4: test_exception_handling: No name 'threads' in module 'pyanaconda'
E0401(import-error):366,4: test_exception_handling: Unable to import 'pyanaconda.threads'
************* Module /home/mkolman/devel/anaconda/updates_vtrefny/run/install/updates/pyanaconda/network.py
E0611(no-name-in-module): 66,4: setup_ifcfg_log: No name 'anaconda_log' in module 'pyanaconda'
************* Module /home/mkolman/devel/anaconda/updates_vtrefny/run/install/updates/pyanaconda/rescue.py
E0611(no-name-in-module): 25,0: : No name 'constants_text' in module 'pyanaconda'
E0401(import-error): 25,0: : Unable to import 'pyanaconda.constants_text'
E0611(no-name-in-module): 29,0: : No name 'TextWidget' in module 'pyanaconda.ui.tui.simpleline'
E0611(no-name-in-module): 29,0: : No name 'ColumnWidget' in module 'pyanaconda.ui.tui.simpleline'
E0611(no-name-in-module): 29,0: : No name 'CheckboxWidget' in module 'pyanaconda.ui.tui.simpleline'
E0611(no-name-in-module): 29,0: : No name 'App' in module 'pyanaconda.ui.tui.simpleline'
E0611(no-name-in-module): 29,0: : No name 'Prompt' in module 'pyanaconda.ui.tui.simpleline'
E1121(too-many-function-args):174,16: RescueMode.input: Too many positional arguments for constructor call
E1101(no-member):174,28: RescueMode.input: Instance of 'RescueMode' has no 'app' member
E1101(no-member):174,40: RescueMode.input: Instance of 'RescueMode' has no 'app' member
E1101(no-member):175,12: RescueMode.input: Instance of 'RescueMode' has no 'app' member
E1101(no-member):196,38: RescueMode.input: Instance of 'RescueMode' has no 'app' member
E1101(no-member):198,16: RescueMode.input: Instance of 'RescueMode' has no 'app' member
E1101(no-member):203,40: RescueMode.input: Instance of 'RescueMode' has no 'app' member
E1101(no-member):205,12: RescueMode.input: Instance of 'RescueMode' has no 'app' member
E1101(no-member):232,39: RescueMode._unlock_devices: Instance of 'RescueMode' has no 'app' member
E1101(no-member):233,20: RescueMode._unlock_devices: Instance of 'RescueMode' has no 'app' member
E1101(no-member):234,23: RescueMode._unlock_devices: Instance of 'PasswordDialog' has no 'answer' member
E1101(no-member):235,37: RescueMode._unlock_devices: Instance of 'PasswordDialog' has no 'answer' member
************* Module /home/mkolman/devel/anaconda/updates_vtrefny/run/install/updates/pyanaconda/users.py
E0611(no-name-in-module): 31,0: : No name 'USERNAME_VALID' in module 'pyanaconda.regexes'
************* Module /home/mkolman/devel/anaconda/updates_vtrefny/run/install/updates/pyanaconda/kickstart.py
E0611(no-name-in-module): 86,0: : No name 'anaconda_log' in module 'pyanaconda'
E0611(no-name-in-module):270,8: AutoPart.execute: No name 'sanity_check' in module 'pyanaconda.storage_utils'
W0221(arguments-differ):1929,4: Upgrade.parse: Parameters differ from overridden 'parse' method
************* Module /home/mkolman/devel/anaconda/updates_vtrefny/run/install/updates/pyanaconda/packaging/__init__.py
E0611(no-name-in-module): 42,4: : No name 'anaconda_log' in module 'pyanaconda'
E0611(no-name-in-module): 58,0: : No name 'threads' in module 'pyanaconda'
E0401(import-error): 58,0: : Unable to import 'pyanaconda.threads'
************* Module /home/mkolman/devel/anaconda/updates_vtrefny/run/install/updates/pyanaconda/packaging/rpmostreepayload.py
E0611(no-name-in-module): 43,0: : No name 'packaging' in module 'pyanaconda'
E0401(import-error): 43,0: : Unable to import 'pyanaconda.packaging'
************* Module /home/mkolman/devel/anaconda/updates_vtrefny/run/install/updates/pyanaconda/startup_utils.py
E0611(no-name-in-module): 35,0: : No name 'anaconda_log' in module 'pyanaconda'
E1101(no-member):215,16: start_geolocation: Module 'pyanaconda.geoloc' has no 'get_provider_id_from_option' member
E1123(unexpected-keyword-arg):221,4: start_geolocation: Unexpected keyword argument 'provider_id' in function call
E1120(no-value-for-parameter):221,4: start_geolocation: No value for argument 'geoloc_option' in function call
E1120(no-value-for-parameter):221,4: start_geolocation: No value for argument 'options_override' in function call
E1120(no-value-for-parameter):221,4: start_geolocation: No value for argument 'install_class_override' in function call
E1101(no-member):222,4: start_geolocation: Module 'pyanaconda.geoloc' has no 'refresh' member
************* Module /home/mkolman/devel/anaconda/updates_vtrefny/run/install/updates/pyanaconda/ui/helpers.py
E0611(no-name-in-module): 59,0: : No name 'threads' in module 'pyanaconda'
E0401(import-error): 59,0: : Unable to import 'pyanaconda.threads'
E0611(no-name-in-module): 62,0: : No name 'packaging' in module 'pyanaconda'
E0401(import-error): 62,0: : Unable to import 'pyanaconda.packaging'
E0611(no-name-in-module): 86,8: StorageChecker.checkStorage: No name 'sanity_check' in module 'pyanaconda.storage_utils'
E0611(no-name-in-module): 86,8: StorageChecker.checkStorage: No name 'SanityError' in module 'pyanaconda.storage_utils'
E0611(no-name-in-module): 86,8: StorageChecker.checkStorage: No name 'SanityWarning' in module 'pyanaconda.storage_utils'
************* Module /home/mkolman/devel/anaconda/updates_vtrefny/run/install/updates/pyanaconda/ui/tui/tuiobject.py
E0611(no-name-in-module): 21,0: : No name 'constants_text' in module 'pyanaconda'
E0401(import-error): 21,0: : Unable to import 'pyanaconda.constants_text'
E1101(no-member): 26,18: ErrorDialog: Module 'pyanaconda.ui.tui.simpleline' has no 'UIScreen' member
E1101(no-member): 40,8: ErrorDialog.__init__: Module 'pyanaconda.ui.tui.simpleline' has no 'UIScreen' member
E1101(no-member): 44,8: ErrorDialog.refresh: Module 'pyanaconda.ui.tui.simpleline' has no 'UIScreen' member
E1101(no-member): 45,15: ErrorDialog.refresh: Module 'pyanaconda.ui.tui.simpleline' has no 'TextWidget' member
E1101(no-member): 46,8: ErrorDialog.refresh: Instance of 'ErrorDialog' has no '_window' member
E1101(no-member): 46,25: ErrorDialog.refresh: Module 'pyanaconda.ui.tui.simpleline' has no 'CenterWidget' member
E1101(no-member): 50,15: ErrorDialog.prompt: Module 'pyanaconda.ui.tui.simpleline' has no 'Prompt' member
E1101(no-member): 50,50: ErrorDialog.prompt: Module 'pyanaconda.ui.tui.simpleline' has no 'Prompt' member
E1101(no-member): 60,21: PasswordDialog: Module 'pyanaconda.ui.tui.simpleline' has no 'UIScreen' member
E1101(no-member): 71,8: PasswordDialog.__init__: Module 'pyanaconda.ui.tui.simpleline' has no 'UIScreen' member
E1101(no-member): 77,8: PasswordDialog.refresh: Module 'pyanaconda.ui.tui.simpleline' has no 'UIScreen' member
E1101(no-member): 78,15: PasswordDialog.refresh: Module 'pyanaconda.ui.tui.simpleline' has no 'TextWidget' member
E1101(no-member): 79,8: PasswordDialog.refresh: Instance of 'PasswordDialog' has no '_window' member
E1101(no-member): 79,25: PasswordDialog.refresh: Module 'pyanaconda.ui.tui.simpleline' has no 'CenterWidget' member
E1101(no-member):106,18: YesNoDialog: Module 'pyanaconda.ui.tui.simpleline' has no 'UIScreen' member
E1101(no-member):120,8: YesNoDialog.__init__: Module 'pyanaconda.ui.tui.simpleline' has no 'UIScreen' member
E1101(no-member):125,8: YesNoDialog.refresh: Module 'pyanaconda.ui.tui.simpleline' has no 'UIScreen' member
E1101(no-member):126,15: YesNoDialog.refresh: Module 'pyanaconda.ui.tui.simpleline' has no 'TextWidget' member
E1101(no-member):127,8: YesNoDialog.refresh: Instance of 'YesNoDialog' has no '_window' member
E1101(no-member):127,25: YesNoDialog.refresh: Module 'pyanaconda.ui.tui.simpleline' has no 'CenterWidget' member
E1101(no-member):131,15: YesNoDialog.prompt: Module 'pyanaconda.ui.tui.simpleline' has no 'Prompt' member
E1101(no-member):160,17: HelpScreen: Module 'pyanaconda.ui.tui.simpleline' has no 'UIScreen' member
E1101(no-member):173,8: HelpScreen.__init__: Module 'pyanaconda.ui.tui.simpleline' has no 'UIScreen' member
E1101(no-member):178,8: HelpScreen.refresh: Module 'pyanaconda.ui.tui.simpleline' has no 'UIScreen' member
E1101(no-member):185,8: HelpScreen.refresh: Instance of 'HelpScreen' has no '_window' member
E1101(no-member):185,25: HelpScreen.refresh: Module 'pyanaconda.ui.tui.simpleline' has no 'TextWidget' member
E1101(no-member):194,15: HelpScreen.prompt: Module 'pyanaconda.ui.tui.simpleline' has no 'Prompt' member
E1101(no-member):194,52: HelpScreen.prompt: Module 'pyanaconda.ui.tui.simpleline' has no 'Prompt' member
E1101(no-member):197,16: TUIObject: Module 'pyanaconda.ui.tui.simpleline' has no 'UIScreen' member
E1101(no-member):205,8: TUIObject.__init__: Module 'pyanaconda.ui.tui.simpleline' has no 'UIScreen' member
W0221(arguments-differ):216,4: TUIObject.refresh: Parameters differ from overridden 'refresh' method
E1101(no-member):218,8: TUIObject.refresh: Module 'pyanaconda.ui.tui.simpleline' has no 'UIScreen' member
************* Module /home/mkolman/devel/anaconda/updates_vtrefny/run/install/updates/pyanaconda/ui/tui/hubs/__init__.py
E0611(no-name-in-module): 21,0: : No name 'constants_text' in module 'pyanaconda'
E0401(import-error): 21,0: : Unable to import 'pyanaconda.constants_text'
E0611(no-name-in-module): 23,0: : No name 'HelpScreen' in module 'pyanaconda.ui.tui.tuiobject'
E1101(no-member):100,21: TUIHub.refresh._prep: Module 'pyanaconda.ui.tui.simpleline' has no 'TextWidget' member
E1101(no-member):101,19: TUIHub.refresh._prep: Module 'pyanaconda.ui.tui.simpleline' has no 'ColumnWidget' member
E1101(no-member):107,12: TUIHub.refresh: Module 'pyanaconda.ui.tui.simpleline' has no 'ColumnWidget' member
E1101(no-member):108,8: TUIHub.refresh: Instance of 'TUIHub' has no '_window' member
E1101(no-member):125,22: TUIHub.input: Module 'pyanaconda.ui.tui.simpleline' has no 'Prompt' member
E1101(no-member):131,24: TUIHub.input: Module 'pyanaconda.ui.tui.simpleline' has no 'Prompt' member
************* Module /home/mkolman/devel/anaconda/updates_vtrefny/run/install/updates/pyanaconda/ui/tui/hubs/summary.py
E0611(no-name-in-module): 22,0: : No name 'Prompt' in module 'pyanaconda.ui.tui.simpleline'
W0221(arguments-differ): 48,4: SummaryHub.setup: Parameters differ from overridden 'setup' method
E1123(unexpected-keyword-arg): 49,26: SummaryHub.setup: Unexpected keyword argument 'environment' in unbound method call
************* Module /home/mkolman/devel/anaconda/updates_vtrefny/run/install/updates/pyanaconda/ui/tui/simpleline/__init__.py
E0611(no-name-in-module): 21,0: : No name 'widgets' in module 'pyanaconda.ui.tui.simpleline'
E0401(import-error): 21,0: : Unable to import 'pyanaconda.ui.tui.simpleline.widgets'
E0611(no-name-in-module): 23,0: : No name 'prompt' in module 'pyanaconda.ui.tui.simpleline'
E0401(import-error): 23,0: : Unable to import 'pyanaconda.ui.tui.simpleline.prompt'
E0611(no-name-in-module): 25,0: : No name 'base' in module 'pyanaconda.ui.tui.simpleline'
E0401(import-error): 25,0: : Unable to import 'pyanaconda.ui.tui.simpleline.base'
************* Module /home/mkolman/devel/anaconda/updates_vtrefny/run/install/updates/pyanaconda/packaging/dnfpayload.py
E0611(no-name-in-module): 38,0: : No name 'packaging' in module 'pyanaconda'
E0401(import-error): 38,0: : Unable to import 'pyanaconda.packaging'
W0221(arguments-differ):214,4: DownloadProgress.end: Parameters differ from overridden 'end' method
W0221(arguments-differ):227,4: DownloadProgress.start: Parameters differ from overridden 'start' method
E1101(no-member):414,24: DNFPayload._apply_selections: Instance of 'DNFPayload' has no 'requiredPackages' member
E1101(no-member):906,12: DNFPayload.preInstall: Instance of 'DNFPayload' has no 'requiredPackages' member
W0201(attribute-defined-outside-init):907,8: DNFPayload.preInstall: Attribute 'requiredGroups' defined outside __init__
W0201(attribute-defined-outside-init):972,16: DNFPayload.updateBaseRepo: Attribute 'install_device' defined outside __init__
************* Module /home/mkolman/devel/anaconda/updates_vtrefny/run/install/updates/pyanaconda/ui/tui/simpleline/base.py
E0611(no-name-in-module): 26,0: : No name 'threads' in module 'pyanaconda'
E0401(import-error): 26,0: : Unable to import 'pyanaconda.threads'
E0611(no-name-in-module): 30,0: : No name 'Widget' in module 'pyanaconda.ui.tui.simpleline'
E0611(no-name-in-module): 30,0: : No name 'TextWidget' in module 'pyanaconda.ui.tui.simpleline'
E0611(no-name-in-module): 30,0: : No name 'Prompt' in module 'pyanaconda.ui.tui.simpleline'
E1101(no-member):422,45: App.raw_input: Module 'pyanaconda.constants' has no 'THREAD_INPUT_BASENAME' member
************* Module /home/mkolman/devel/anaconda/updates_vtrefny/run/install/updates/pyanaconda/ui/tui/spokes/langsupport.py
E0611(no-name-in-module): 22,0: : No name 'TextWidget' in module 'pyanaconda.ui.tui.simpleline'
E0611(no-name-in-module): 22,0: : No name 'ColumnWidget' in module 'pyanaconda.ui.tui.simpleline'
E1101(no-member): 85,12: LangSpoke.refresh: Instance of 'LangSpoke' has no '_window' member
E1101(no-member): 88,12: LangSpoke.refresh: Instance of 'LangSpoke' has no '_window' member
E1101(no-member):103,8: LangSpoke.refresh: Instance of 'LangSpoke' has no '_window' member
************* Module /home/mkolman/devel/anaconda/updates_vtrefny/run/install/updates/pyanaconda/ui/tui/spokes/__init__.py
E0611(no-name-in-module): 19,0: : No name 'constants_text' in module 'pyanaconda'
E0401(import-error): 19,0: : Unable to import 'pyanaconda.constants_text'
E0611(no-name-in-module): 21,0: : No name 'HelpScreen' in module 'pyanaconda.ui.tui.tuiobject'
E0611(no-name-in-module): 23,0: : No name 'validatePassword' in module 'pyanaconda.users'
E0611(no-name-in-module): 26,0: : No name 'setdeepattr' in module 'pyanaconda.iutil'
E0611(no-name-in-module): 26,0: : No name 'getdeepattr' in module 'pyanaconda.iutil'
E1101(no-member): 37,26: TUISpoke: Module 'pyanaconda.ui.tui.simpleline' has no 'Widget' member
E1101(no-member): 59,8: TUISpoke.__init__: Module 'pyanaconda.ui.tui.simpleline' has no 'Widget' member
E1101(no-member): 80,8: TUISpoke.render: Module 'pyanaconda.ui.tui.simpleline' has no 'Widget' member
E1101(no-member): 91,12: TUISpoke.render: Module 'pyanaconda.ui.tui.simpleline' has no 'CheckboxWidget' member
E1101(no-member):105,26: NormalTUISpoke.input: Module 'pyanaconda.ui.tui.simpleline' has no 'Prompt' member
W0221(arguments-differ):157,4: EditTUIDialog.prompt: Parameters differ from overridden 'prompt' method
E1101(no-member):212,19: EditTUIDialog.prompt: Module 'pyanaconda.ui.tui.simpleline' has no 'Prompt' member
E1101(no-member):216,25: EditTUIDialog.prompt: Module 'pyanaconda.ui.tui.simpleline' has no 'Prompt' member
W0221(arguments-differ):219,4: EditTUIDialog.input: Parameters differ from overridden 'input' method
W0201(attribute-defined-outside-init):153,8: EditTUIDialog.refresh: Attribute '_window' defined outside __init__
E1101(no-member):333,21: EditTUISpoke.refresh._prep_text: Module 'pyanaconda.ui.tui.simpleline' has no 'TextWidget' member
E1101(no-member):334,20: EditTUISpoke.refresh._prep_text: Module 'pyanaconda.ui.tui.simpleline' has no 'TextWidget' member
E1101(no-member):336,20: EditTUISpoke.refresh._prep_text: Module 'pyanaconda.ui.tui.simpleline' has no 'TextWidget' member
E1101(no-member):338,19: EditTUISpoke.refresh._prep_text: Module 'pyanaconda.ui.tui.simpleline' has no 'ColumnWidget' member
E1101(no-member):341,21: EditTUISpoke.refresh._prep_check: Module 'pyanaconda.ui.tui.simpleline' has no 'TextWidget' member
E1101(no-member):343,17: EditTUISpoke.refresh._prep_check: Module 'pyanaconda.ui.tui.simpleline' has no 'CheckboxWidget' member
E1101(no-member):345,19: EditTUISpoke.refresh._prep_check: Module 'pyanaconda.ui.tui.simpleline' has no 'ColumnWidget' member
E1101(no-member):348,21: EditTUISpoke.refresh._prep_password: Module 'pyanaconda.ui.tui.simpleline' has no 'TextWidget' member
E1101(no-member):349,20: EditTUISpoke.refresh._prep_password: Module 'pyanaconda.ui.tui.simpleline' has no 'TextWidget' member
E1101(no-member):353,20: EditTUISpoke.refresh._prep_password: Module 'pyanaconda.ui.tui.simpleline' has no 'TextWidget' member
E1101(no-member):355,19: EditTUISpoke.refresh._prep_password: Module 'pyanaconda.ui.tui.simpleline' has no 'ColumnWidget' member
************* Module /home/mkolman/devel/anaconda/updates_vtrefny/run/install/updates/pyanaconda/ui/tui/spokes/askvnc.py
E0611(no-name-in-module): 21,0: : No name 'TextWidget' in module 'pyanaconda.ui.tui.simpleline'
E0611(no-name-in-module): 21,0: : No name 'ColumnWidget' in module 'pyanaconda.ui.tui.simpleline'
E0611(no-name-in-module): 24,0: : No name 'constants_text' in module 'pyanaconda'
E0401(import-error): 24,0: : Unable to import 'pyanaconda.constants_text'
E1101(no-member): 68,8: AskVNCSpoke.refresh: Instance of 'AskVNCSpoke' has no '_window' member
E1101(no-member): 73,12: AskVNCSpoke.refresh: Instance of 'AskVNCSpoke' has no '_window' member
E1101(no-member):140,8: VNCPassSpoke.refresh: Instance of 'VNCPassSpoke' has no '_window' member
************* Module /home/mkolman/devel/anaconda/updates_vtrefny/run/install/updates/pyanaconda/ui/tui/spokes/password.py
E0611(no-name-in-module): 21,0: : No name 'EditTUIDialog' in module 'pyanaconda.ui.tui.spokes'
E0611(no-name-in-module): 21,0: : No name 'EditTUISpokeEntry' in module 'pyanaconda.ui.tui.spokes'
E0611(no-name-in-module): 23,0: : No name 'TextWidget' in module 'pyanaconda.ui.tui.simpleline'
E1101(no-member): 67,8: PasswordSpoke.refresh: Instance of 'PasswordSpoke' has no '_window' member
************* Module /home/mkolman/devel/anaconda/updates_vtrefny/run/install/updates/pyanaconda/ui/tui/spokes/network.py
E0611(no-name-in-module): 23,0: : No name 'EditTUISpoke' in module 'pyanaconda.ui.tui.spokes'
E0611(no-name-in-module): 23,0: : No name 'OneShotEditTUIDialog' in module 'pyanaconda.ui.tui.spokes'
E0611(no-name-in-module): 24,0: : No name 'EditTUISpokeEntry' in module 'pyanaconda.ui.tui.spokes'
E0611(no-name-in-module): 25,0: : No name 'TextWidget' in module 'pyanaconda.ui.tui.simpleline'
E0611(no-name-in-module): 25,0: : No name 'ColumnWidget' in module 'pyanaconda.ui.tui.simpleline'
E0611(no-name-in-module): 32,0: : No name 'constants_text' in module 'pyanaconda'
E0401(import-error): 32,0: : Unable to import 'pyanaconda.constants_text'
E1101(no-member):154,8: NetworkSpoke.refresh: Instance of 'NetworkSpoke' has no '_window' member
E1101(no-member):156,8: NetworkSpoke.refresh: Instance of 'NetworkSpoke' has no '_window' member
E1101(no-member):158,8: NetworkSpoke.refresh: Instance of 'NetworkSpoke' has no '_window' member
E1101(no-member):162,12: NetworkSpoke.refresh: Instance of 'NetworkSpoke' has no '_window' member
E1101(no-member):177,8: NetworkSpoke.refresh: Instance of 'NetworkSpoke' has no '_window' member
E0611(no-name-in-module):256,16: NetworkSpoke.apply: No name 'packaging' in module 'pyanaconda'
E0401(import-error):256,16: NetworkSpoke.apply: Unable to import 'pyanaconda.packaging'
E1101(no-member):344,8: ConfigureNetworkSpoke.refresh: Instance of 'ConfigureNetworkSpoke' has no '_window' member
************* Module /home/mkolman/devel/anaconda/updates_vtrefny/run/install/updates/pyanaconda/ui/tui/spokes/progress.py
E0611(no-name-in-module): 30,0: : No name 'base' in module 'pyanaconda.ui.tui.simpleline'
E0401(import-error): 30,0: : Unable to import 'pyanaconda.ui.tui.simpleline.base'
E0611(no-name-in-module): 31,0: : No name 'prompt' in module 'pyanaconda.ui.tui.simpleline'
E0401(import-error): 31,0: : Unable to import 'pyanaconda.ui.tui.simpleline.prompt'
E0611(no-name-in-module):113,8: ProgressSpoke.refresh: No name 'install' in module 'pyanaconda'
E0401(import-error):113,8: ProgressSpoke.refresh: Unable to import 'pyanaconda.install'
E0611(no-name-in-module):114,8: ProgressSpoke.refresh: No name 'threads' in module 'pyanaconda'
E0401(import-error):114,8: ProgressSpoke.refresh: Unable to import 'pyanaconda.threads'
************* Module /home/mkolman/devel/anaconda/updates_vtrefny/run/install/updates/pyanaconda/ui/tui/spokes/software.py
E0611(no-name-in-module): 23,0: : No name 'TextWidget' in module 'pyanaconda.ui.tui.simpleline'
E0611(no-name-in-module): 23,0: : No name 'ColumnWidget' in module 'pyanaconda.ui.tui.simpleline'
E0611(no-name-in-module): 23,0: : No name 'CheckboxWidget' in module 'pyanaconda.ui.tui.simpleline'
E0611(no-name-in-module): 24,0: : No name 'threads' in module 'pyanaconda'
E0401(import-error): 24,0: : Unable to import 'pyanaconda.threads'
E0611(no-name-in-module): 25,0: : No name 'packaging' in module 'pyanaconda'
E0401(import-error): 25,0: : Unable to import 'pyanaconda.packaging'
E0611(no-name-in-module): 31,0: : No name 'constants_text' in module 'pyanaconda'
E0401(import-error): 31,0: : Unable to import 'pyanaconda.constants_text'
E1101(no-member):197,12: SoftwareSpoke.refresh: Instance of 'SoftwareSpoke' has no '_window' member
E1101(no-member):200,12: SoftwareSpoke.refresh: Instance of 'SoftwareSpoke' has no '_window' member
E1101(no-member):242,8: SoftwareSpoke.refresh: Instance of 'SoftwareSpoke' has no '_window' member
************* Module /home/mkolman/devel/anaconda/updates_vtrefny/run/install/updates/pyanaconda/ui/tui/spokes/source.py
E0611(no-name-in-module): 22,0: : No name 'EditTUISpoke' in module 'pyanaconda.ui.tui.spokes'
E0611(no-name-in-module): 23,0: : No name 'EditTUISpokeEntry' in module 'pyanaconda.ui.tui.spokes'
E0611(no-name-in-module): 24,0: : No name 'TextWidget' in module 'pyanaconda.ui.tui.simpleline'
E0611(no-name-in-module): 24,0: : No name 'ColumnWidget' in module 'pyanaconda.ui.tui.simpleline'
E0611(no-name-in-module): 25,0: : No name 'threads' in module 'pyanaconda'
E0401(import-error): 25,0: : Unable to import 'pyanaconda.threads'
E0611(no-name-in-module): 26,0: : No name 'packaging' in module 'pyanaconda'
E0401(import-error): 26,0: : Unable to import 'pyanaconda.packaging'
E0611(no-name-in-module): 29,0: : No name 'DataHolder' in module 'pyanaconda.iutil'
E0611(no-name-in-module): 35,0: : No name 'constants_text' in module 'pyanaconda'
E0401(import-error): 35,0: : Unable to import 'pyanaconda.constants_text'
W0223(abstract-method): 51,0: SourceSpoke: Method 'data' is abstract in class 'SourceSwitchHandler' but is not overridden
W0223(abstract-method): 51,0: SourceSpoke: Method 'storage' is abstract in class 'SourceSwitchHandler' but is not overridden
E1101(no-member):148,12: SourceSpoke.refresh: Instance of 'SourceSpoke' has no '_window' member
E1101(no-member):154,12: SourceSpoke.refresh: Instance of 'SourceSpoke' has no '_window' member
E1101(no-member):166,8: SourceSpoke.refresh: Instance of 'SourceSpoke' has no '_window' member
E0110(abstract-class-instantiated):189,27: SourceSpoke.input: Abstract class 'SpecifyRepoSpoke' with abstract methods instantiated
E0110(abstract-class-instantiated):199,27: SourceSpoke.input: Abstract class 'SpecifyNFSRepoSpoke' with abstract methods instantiated
W0223(abstract-method):249,0: SpecifyRepoSpoke: Method 'data' is abstract in class 'SourceSwitchHandler' but is not overridden
W0223(abstract-method):249,0: SpecifyRepoSpoke: Method 'storage' is abstract in class 'SourceSwitchHandler' but is not overridden
W0223(abstract-method):287,0: SpecifyNFSRepoSpoke: Method 'data' is abstract in class 'SourceSwitchHandler' but is not overridden
W0223(abstract-method):287,0: SpecifyNFSRepoSpoke: Method 'storage' is abstract in class 'SourceSwitchHandler' but is not overridden
E1101(no-member):375,12: SelectDeviceSpoke.refresh: Instance of 'SelectDeviceSpoke' has no '_window' member
E1101(no-member):392,12: SelectDeviceSpoke.refresh: Instance of 'SelectDeviceSpoke' has no '_window' member
E1101(no-member):396,12: SelectDeviceSpoke.refresh: Instance of 'SelectDeviceSpoke' has no '_window' member
E1101(no-member):450,12: SelectISOSpoke.refresh: Instance of 'SelectISOSpoke' has no '_window' member
E1101(no-member):453,12: SelectISOSpoke.refresh: Instance of 'SelectISOSpoke' has no '_window' member
************* Module /home/mkolman/devel/anaconda/updates_vtrefny/run/install/updates/pyanaconda/ui/tui/spokes/user.py
E0611(no-name-in-module): 21,0: : No name 'EditTUISpoke' in module 'pyanaconda.ui.tui.spokes'
E0611(no-name-in-module): 22,0: : No name 'EditTUISpokeEntry' in module 'pyanaconda.ui.tui.spokes'
************* Module /home/mkolman/devel/anaconda/updates_vtrefny/run/install/updates/pyanaconda/ui/tui/spokes/warnings_spoke.py
E0611(no-name-in-module): 21,0: : No name 'TextWidget' in module 'pyanaconda.ui.tui.simpleline'
E1101(no-member): 66,8: WarningsSpoke.refresh: Instance of 'WarningsSpoke' has no '_window' member
************* Module /home/mkolman/devel/anaconda/updates_vtrefny/run/install/updates/pyanaconda/ui/tui/spokes/time_spoke.py
E0611(no-name-in-module): 23,0: : No name 'EditTUIDialog' in module 'pyanaconda.ui.tui.spokes'
E0611(no-name-in-module): 24,0: : No name 'TextWidget' in module 'pyanaconda.ui.tui.simpleline'
E0611(no-name-in-module): 24,0: : No name 'ColumnWidget' in module 'pyanaconda.ui.tui.simpleline'
E0611(no-name-in-module): 24,0: : No name 'Prompt' in module 'pyanaconda.ui.tui.simpleline'
E0611(no-name-in-module): 30,0: : No name 'constants_text' in module 'pyanaconda'
E0401(import-error): 30,0: : Unable to import 'pyanaconda.constants_text'
E0611(no-name-in-module): 31,0: : No name 'threads' in module 'pyanaconda'
E0401(import-error): 31,0: : Unable to import 'pyanaconda.threads'
E1101(no-member):223,8: TimeSpoke.refresh: Instance of 'TimeSpoke' has no '_window' member
E1101(no-member):242,8: TimeSpoke.refresh: Instance of 'TimeSpoke' has no '_window' member
E1101(no-member):306,12: TimeZoneSpoke.refresh: Instance of 'TimeZoneSpoke' has no '_window' member
E1101(no-member):309,12: TimeZoneSpoke.refresh: Instance of 'TimeZoneSpoke' has no '_window' member
E1101(no-member):323,8: TimeZoneSpoke.refresh: Instance of 'TimeZoneSpoke' has no '_window' member
E1101(no-member):413,8: NTPServersSpoke.refresh: Instance of 'NTPServersSpoke' has no '_window' member
E1101(no-member):430,8: NTPServersSpoke.refresh: Instance of 'NTPServersSpoke' has no '_window' member
W0201(attribute-defined-outside-init):491,8: AddNTPServerSpoke.input: Attribute 'value' defined outside __init__
E1101(no-member):523,8: RemoveNTPServerSpoke.refresh: Instance of 'RemoveNTPServerSpoke' has no '_window' member
************* Module /home/mkolman/devel/anaconda/updates_vtrefny/run/install/updates/pyanaconda/ui/tui/spokes/storage.py
E0611(no-name-in-module): 28,0: : No name 'TextWidget' in module 'pyanaconda.ui.tui.simpleline'
E0611(no-name-in-module): 28,0: : No name 'CheckboxWidget' in module 'pyanaconda.ui.tui.simpleline'
E0611(no-name-in-module): 30,0: : No name 'sanity_check' in module 'pyanaconda.storage_utils'
E0611(no-name-in-module): 30,0: : No name 'SanityError' in module 'pyanaconda.storage_utils'
E0611(no-name-in-module): 30,0: : No name 'SanityWarning' in module 'pyanaconda.storage_utils'
E0611(no-name-in-module): 38,0: : No name 'threads' in module 'pyanaconda'
E0401(import-error): 38,0: : Unable to import 'pyanaconda.threads'
E0611(no-name-in-module): 41,0: : No name 'constants_text' in module 'pyanaconda'
E0401(import-error): 41,0: : Unable to import 'pyanaconda.constants_text'
E1101(no-member):213,12: StorageSpoke.refresh: Instance of 'StorageSpoke' has no '_window' member
E1101(no-member):221,12: StorageSpoke.refresh: Instance of 'StorageSpoke' has no '_window' member
E1101(no-member):223,8: StorageSpoke.refresh: Instance of 'StorageSpoke' has no '_window' member
E1101(no-member):482,12: AutoPartSpoke.refresh: Instance of 'AutoPartSpoke' has no '_window' member
E1101(no-member):486,8: AutoPartSpoke.refresh: Instance of 'AutoPartSpoke' has no '_window' member
E1101(no-member):546,12: PartitionSchemeSpoke.refresh: Instance of 'PartitionSchemeSpoke' has no '_window' member
E1101(no-member):549,8: PartitionSchemeSpoke.refresh: Instance of 'PartitionSchemeSpoke' has no '_window' member
************* Module /home/mkolman/devel/anaconda/updates_vtrefny/run/install/updates/pyanaconda/ui/gui/helpers.py
E0611(no-name-in-module): 37,0: : No name 'validatePassword' in module 'pyanaconda.users'
************* Module /home/mkolman/devel/anaconda/updates_vtrefny/run/install/updates/pyanaconda/ui/gui/utils.py
E0611(no-name-in-module): 29,0: : No name 'threads' in module 'pyanaconda'
E0401(import-error): 29,0: : Unable to import 'pyanaconda.threads'
************* Module /home/mkolman/devel/anaconda/updates_vtrefny/run/install/updates/pyanaconda/ui/gui/hubs/__init__.py
E0611(no-name-in-module):120,8: Hub._createBox: No name 'AnacondaWidgets' in module 'gi.repository'
************* Module /home/mkolman/devel/anaconda/updates_vtrefny/run/install/updates/pyanaconda/ui/gui/spokes/blivet_gui.py
E0611(no-name-in-module): 29,0: : No name 'StorageChecker' in module 'pyanaconda.ui.helpers'
W0611(unused-import): 32,0: : Unused CP_ imported from pyanaconda.i18n
W0611(unused-import): 35,0: : Unused on_disk_storage imported from pyanaconda.storage_utils
************* Module /home/mkolman/devel/anaconda/updates_vtrefny/run/install/updates/pyanaconda/ui/gui/__init__.py
E0611(no-name-in-module): 20,0: : No name 'gui' in module 'meh.ui'
E0401(import-error): 20,0: : Unable to import 'meh.ui.gui'
E0611(no-name-in-module): 33,0: : No name 'AnacondaWidgets' in module 'gi.repository'
E0611(no-name-in-module): 33,0: : No name 'Keybinder' in module 'gi.repository'
E0611(no-name-in-module): 39,0: : No name 'threads' in module 'pyanaconda'
E1101(no-member):1058,38: GraphicalExceptionHandlingIface: Module 'meh.ui' has no 'gui' member
E1101(no-member):1072,8: GraphicalExceptionHandlingIface.__init__: Module 'meh.ui' has no 'gui' member
E1101(no-member):1077,19: GraphicalExceptionHandlingIface.mainExceptionWindow: Module 'meh.ui' has no 'gui' member
************* Module /home/mkolman/devel/anaconda/updates_vtrefny/run/install/updates/pyanaconda/ui/gui/spokes/langsupport.py
W0223(abstract-method): 46,0: LangsupportSpoke: Method '_filter_languages' is abstract in class 'LangLocaleHandler' but is not overridden
W0223(abstract-method): 46,0: LangsupportSpoke: Method '_filter_locales' is abstract in class 'LangLocaleHandler' but is not overridden
************* Module /home/mkolman/devel/anaconda/updates_vtrefny/run/install/updates/pyanaconda/ui/gui/spokes/keyboard.py
E0611(no-name-in-module): 38,0: : No name 'threads' in module 'pyanaconda'
E0401(import-error): 38,0: : Unable to import 'pyanaconda.threads'
************* Module /home/mkolman/devel/anaconda/updates_vtrefny/run/install/updates/pyanaconda/ui/gui/spokes/datetime_spoke.py
E0611(no-name-in-module): 29,0: : No name 'TimezoneMap' in module 'gi.repository'
E0611(no-name-in-module): 51,0: : No name 'threads' in module 'pyanaconda'
E0401(import-error): 51,0: : Unable to import 'pyanaconda.threads'
************* Module /home/mkolman/devel/anaconda/updates_vtrefny/run/install/updates/pyanaconda/ui/gui/spokes/password.py
E1101(no-member): 69,59: PasswordSpoke.initialize: Instance of 'PasswordSpoke' has no 'check_password_confirm' member
E1101(no-member): 73,53: PasswordSpoke.initialize: Instance of 'PasswordSpoke' has no 'check_password_empty' member
E1101(no-member): 74,56: PasswordSpoke.initialize: Instance of 'PasswordSpoke' has no 'check_user_password_strength' member
E1101(no-member): 75,53: PasswordSpoke.initialize: Instance of 'PasswordSpoke' has no 'check_password_ASCII' member
E1101(no-member):211,11: PasswordSpoke.on_back_clicked: Class 'GUISpokeInputCheckHandler' has no 'on_back_clicked' member
W0201(attribute-defined-outside-init):185,8: PasswordSpoke.on_password_changed: Attribute 'waive_ASCII_clicks' defined outside __init__
************* Module /home/mkolman/devel/anaconda/updates_vtrefny/run/install/updates/pyanaconda/ui/gui/spokes/software.py
E0611(no-name-in-module): 28,0: : No name 'packaging' in module 'pyanaconda'
E0401(import-error): 28,0: : Unable to import 'pyanaconda.packaging'
E0611(no-name-in-module): 29,0: : No name 'threads' in module 'pyanaconda'
E0401(import-error): 29,0: : Unable to import 'pyanaconda.threads'
E0611(no-name-in-module):214,8: SoftwareSelectionSpoke.checkSoftwareSelection: No name 'packaging' in module 'pyanaconda'
E0401(import-error):214,8: SoftwareSelectionSpoke.checkSoftwareSelection: Unable to import 'pyanaconda.packaging'
************* Module /home/mkolman/devel/anaconda/updates_vtrefny/run/install/updates/pyanaconda/ui/gui/spokes/custom.py
E0611(no-name-in-module): 35,0: : No name 'AnacondaWidgets' in module 'gi.repository'
E0401(import-error): 35,0: : Unable to import 'gi.repository.AnacondaWidgets'
E0611(no-name-in-module): 41,0: : No name 'threads' in module 'pyanaconda'
E0401(import-error): 41,0: : Unable to import 'pyanaconda.threads'
E0611(no-name-in-module): 76,0: : No name 'SanityError' in module 'pyanaconda.storage_utils'
E0611(no-name-in-module): 76,0: : No name 'SanityWarning' in module 'pyanaconda.storage_utils'
E0611(no-name-in-module): 76,0: : No name 'LUKSDeviceWithoutKeyError' in module 'pyanaconda.storage_utils'
E0611(no-name-in-module): 83,0: : No name 'StorageChecker' in module 'pyanaconda.ui.helpers'
E1101(no-member):2490,15: CustomPartitioningSpoke._do_autopart: Module 'pyanaconda.storage_utils' has no 'sanity_check' member
************* Module /home/mkolman/devel/anaconda/updates_vtrefny/run/install/updates/pyanaconda/ui/gui/spokes/network.py
E0611(no-name-in-module):1522,16: NetworkSpoke.apply: No name 'packaging' in module 'pyanaconda'
E0401(import-error):1522,16: NetworkSpoke.apply: Unable to import 'pyanaconda.packaging'
E0611(no-name-in-module):1660,12: NetworkStandaloneSpoke.apply: No name 'packaging' in module 'pyanaconda'
E0401(import-error):1660,12: NetworkStandaloneSpoke.apply: Unable to import 'pyanaconda.packaging'
************* Module /home/mkolman/devel/anaconda/updates_vtrefny/run/install/updates/pyanaconda/ui/gui/spokes/source.py
E0611(no-name-in-module): 48,0: : No name 'threads' in module 'pyanaconda'
E0401(import-error): 48,0: : Unable to import 'pyanaconda.threads'
E0611(no-name-in-module): 49,0: : No name 'packaging' in module 'pyanaconda'
E0401(import-error): 49,0: : Unable to import 'pyanaconda.packaging'
E1101(no-member):1130,17: SourceSpoke.on_back_clicked: Class 'GUISpokeInputCheckHandler' has no 'on_back_clicked' member
************* Module /home/mkolman/devel/anaconda/updates_vtrefny/run/install/updates/pyanaconda/ui/gui/spokes/welcome.py
W0223(abstract-method): 47,0: WelcomeLanguageSpoke: Method '_filter_languages' is abstract in class 'LangLocaleHandler' but is not overridden
W0223(abstract-method): 47,0: WelcomeLanguageSpoke: Method '_filter_locales' is abstract in class 'LangLocaleHandler' but is not overridden
E1101(no-member): 81,26: WelcomeLanguageSpoke.apply: Module 'pyanaconda.geoloc' has no 'get_timezone' member
E1101(no-member):128,20: WelcomeLanguageSpoke.initialize: Module 'pyanaconda.geoloc' has no 'get_territory_code' member
************* Module /home/mkolman/devel/anaconda/updates_vtrefny/run/install/updates/pyanaconda/ui/gui/spokes/user.py
E0611(no-name-in-module): 36,0: : No name 'GROUPNAME_VALID' in module 'pyanaconda.regexes'
E1101(no-member):308,59: UserSpoke.initialize: Instance of 'UserSpoke' has no 'check_password_confirm' member
E1101(no-member):312,53: UserSpoke.initialize: Instance of 'UserSpoke' has no 'check_password_empty' member
E1101(no-member):313,56: UserSpoke.initialize: Instance of 'UserSpoke' has no 'check_user_password_strength' member
E1101(no-member):314,53: UserSpoke.initialize: Instance of 'UserSpoke' has no 'check_password_ASCII' member
E1101(no-member):558,11: UserSpoke.on_back_clicked: Class 'GUISpokeInputCheckHandler' has no 'on_back_clicked' member
************* Module /home/mkolman/devel/anaconda/updates_vtrefny/run/install/updates/pyanaconda/ui/gui/spokes/storage.py
E0611(no-name-in-module): 45,0: : No name 'AnacondaWidgets' in module 'gi.repository'
E0611(no-name-in-module): 60,0: : No name 'StorageChecker' in module 'pyanaconda.ui.helpers'
E0611(no-name-in-module): 70,0: : No name 'threads' in module 'pyanaconda'
E0401(import-error): 70,0: : Unable to import 'pyanaconda.threads'
************* Module /home/mkolman/devel/anaconda/updates_vtrefny/run/install/updates/pyanaconda/ui/gui/spokes/lib/dasdfmt.py
E0611(no-name-in-module): 20,0: : No name 'threads' in module 'pyanaconda'
E0401(import-error): 20,0: : Unable to import 'pyanaconda.threads'
************* Module /home/mkolman/devel/anaconda/updates_vtrefny/run/install/updates/pyanaconda/ui/gui/spokes/advstorage/iscsi.py
E0611(no-name-in-module): 28,0: : No name 'threads' in module 'pyanaconda'
E0401(import-error): 28,0: : Unable to import 'pyanaconda.threads'
************* Module /home/mkolman/devel/anaconda/updates_vtrefny/usr/lib/python3.6/site-packages/blivetgui/list_actions.py
W9922(unescaped-markup):100,17: ListActions.append: Found % in markup with unescaped parameters
W9922(unescaped-markup):127,57: ListActions.pop: Found % in markup with unescaped parameters
************* Module /home/mkolman/devel/anaconda/updates_vtrefny/usr/lib/python3.6/site-packages/blivetgui/list_devices.py
W9922(unescaped-markup): 75,63: ListDevices.load_disks: Found % in markup with unescaped parameters
W9920(invalid-markup): 79,78: ListDevices.load_disks: Found invalid pango markup
W9920(invalid-markup): 82,74: ListDevices.load_disks: Found invalid pango markup
W9922(unescaped-markup): 95,63: ListDevices.load_group_devices: Found % in markup with unescaped parameters
W9922(unescaped-markup):100,63: ListDevices.load_group_devices: Found % in markup with unescaped parameters
W9922(unescaped-markup):105,63: ListDevices.load_group_devices: Found % in markup with unescaped parameters
************* Module /home/mkolman/devel/anaconda/updates_vtrefny/usr/lib/python3.6/site-packages/blivetgui/processing_window.py
W9922(unescaped-markup):153,44: ProcessingActions.stop: Found % in markup with unescaped parameters
************* Module /home/mkolman/devel/anaconda/updates_vtrefny/usr/lib/python3.6/site-packages/blivetgui/visualization/rectangle.py
W9922(unescaped-markup): 50,70: Rectangle.__init__: Found % in markup with unescaped parameters
W9922(unescaped-markup): 50,88: Rectangle.__init__: Found % in markup with unescaped parameters
************* Module /home/mkolman/devel/anaconda/updates_vtrefny/usr/lib/python3.6/site-packages/blivetgui/dialogs/device_info_dialog.py
W9922(unescaped-markup):168,37: DeviceInformationDialog.add_device_info: Found % in markup with unescaped parameters
W9922(unescaped-markup):171,56: DeviceInformationDialog.add_device_info: Found % in markup with unescaped parameters
W9922(unescaped-markup):203,56: DeviceInformationDialog.add_format_info: Found % in markup with unescaped parameters
W9922(unescaped-markup):235,59: DeviceInformationDialog.add_parents_info: Found % in markup with unescaped parameters
************* Module /home/mkolman/devel/anaconda/updates_vtrefny/usr/lib/python3.6/site-packages/blivetgui/dialogs/add_dialog.py
W0106(expression-not-assigned):647,20: AddDialog.update_raid_type_chooser: Expression "(self.raid_combo.set_active_id('linear')) or (self.raid_combo.set_active_id(list(self.supported_raids[device_type])[0].name))" is assigned to nothing
************* Module /home/mkolman/devel/anaconda/updates_vtrefny/usr/lib/python3.6/site-packages/blivetgui/dialogs/edit_dialog.py
W9922(unescaped-markup): 90,48: ResizeDialog._add_resize_info: Found % in markup with unescaped parameters
************* Module /home/mkolman/devel/anaconda/updates_vtrefny/usr/lib/python3.6/site-packages/blivetgui/dialogs/message_dialogs.py
W9920(invalid-markup):166,31: ConfirmDialog.__init__: Found invalid pango markup
W9920(invalid-markup):205,31: ConfirmActionsDialog.__init__: Found invalid pango markup
************* Module /home/mkolman/devel/anaconda/updates_dbus_backup/usr/bin/setup_updates.py
W0611(unused-import):  3,0: : Unused import sys
************* Module /home/mkolman/devel/anaconda/updates_dbus_backup/run/install/updates/pykickstart/options.py
W0221(arguments-differ):110,4: KSOptionParser.parse_args: Parameters differ from overridden 'parse_args' method
************* Module /home/mkolman/devel/anaconda/updates_vtrefny/usr/sbin/anaconda
E0611(no-name-in-module):192,4: parse_arguments: No name 'anaconda_argparse' in module 'pyanaconda'
E0401(import-error):192,4: parse_arguments: Unable to import 'pyanaconda.anaconda_argparse'
E0611(no-name-in-module):273,4: : No name 'threads' in module 'pyanaconda'
E0401(import-error):273,4: : Unable to import 'pyanaconda.threads'
E0611(no-name-in-module):275,4: : No name 'threads' in module 'pyanaconda'
E0401(import-error):275,4: : Unable to import 'pyanaconda.threads'
E0611(no-name-in-module):295,4: : No name 'anaconda_log' in module 'pyanaconda'
E0611(no-name-in-module):620,4: : No name 'anaconda_argparse' in module 'pyanaconda'
E0401(import-error):620,4: : Unable to import 'pyanaconda.anaconda_argparse'
E1101(no-member):626,12: : Instance of 'StorageDiscoveryConfig' has no 'disk_images' member
E0611(no-name-in-module):638,4: : No name 'packaging' in module 'pyanaconda'
E0401(import-error):638,4: : Unable to import 'pyanaconda.packaging'
E1101(no-member):684,8: : Module 'pyanaconda.startup_utils' has no 'start_geolocation' member
************* Module /home/mkolman/devel/anaconda/updates_dbus_backup/usr/sbin/anaconda
E1101(no-member):645,12: : Instance of 'InstallerStorage' has no 'disk_images' member
************* Module /home/mkolman/devel/anaconda/updates_dbus_backup/run/install/updates/pykickstart/commands/__init__.py
W0611(unused-import): 20,0: : Unused authconfig imported from pykickstart.commands
W0611(unused-import): 20,0: : Unused autopart imported from pykickstart.commands
W0611(unused-import): 20,0: : Unused autostep imported from pykickstart.commands
W0611(unused-import): 20,0: : Unused bootloader imported from pykickstart.commands
W0611(unused-import): 20,0: : Unused btrfs imported from pykickstart.commands
W0611(unused-import): 20,0: : Unused clearpart imported from pykickstart.commands
W0611(unused-import): 20,0: : Unused cdrom imported from pykickstart.commands
W0611(unused-import): 20,0: : Unused device imported from pykickstart.commands
W0611(unused-import): 20,0: : Unused deviceprobe imported from pykickstart.commands
W0611(unused-import): 20,0: : Unused displaymode imported from pykickstart.commands
W0611(unused-import): 20,0: : Unused dmraid imported from pykickstart.commands
W0611(unused-import): 20,0: : Unused driverdisk imported from pykickstart.commands
W0611(unused-import): 20,0: : Unused eula imported from pykickstart.commands
W0611(unused-import): 20,0: : Unused fcoe imported from pykickstart.commands
W0611(unused-import): 20,0: : Unused firewall imported from pykickstart.commands
W0611(unused-import): 20,0: : Unused firstboot imported from pykickstart.commands
W0611(unused-import): 20,0: : Unused group imported from pykickstart.commands
W0611(unused-import): 20,0: : Unused harddrive imported from pykickstart.commands
W0611(unused-import): 20,0: : Unused ignoredisk imported from pykickstart.commands
W0611(unused-import): 20,0: : Unused interactive imported from pykickstart.commands
W0611(unused-import): 20,0: : Unused iscsi imported from pykickstart.commands
W0611(unused-import): 20,0: : Unused iscsiname imported from pykickstart.commands
W0611(unused-import): 20,0: : Unused key imported from pykickstart.commands
W0611(unused-import): 20,0: : Unused keyboard imported from pykickstart.commands
W0611(unused-import): 20,0: : Unused lang imported from pykickstart.commands
W0611(unused-import): 20,0: : Unused langsupport imported from pykickstart.commands
W0611(unused-import): 20,0: : Unused lilocheck imported from pykickstart.commands
W0611(unused-import): 20,0: : Unused liveimg imported from pykickstart.commands
W0611(unused-import): 20,0: : Unused logging imported from pykickstart.commands
W0611(unused-import): 20,0: : Unused logvol imported from pykickstart.commands
W0611(unused-import): 20,0: : Unused mediacheck imported from pykickstart.commands
W0611(unused-import): 20,0: : Unused method imported from pykickstart.commands
W0611(unused-import): 20,0: : Unused monitor imported from pykickstart.commands
W0611(unused-import): 20,0: : Unused mount imported from pykickstart.commands
W0611(unused-import): 20,0: : Unused mouse imported from pykickstart.commands
W0611(unused-import): 20,0: : Unused multipath imported from pykickstart.commands
W0611(unused-import): 20,0: : Unused network imported from pykickstart.commands
W0611(unused-import): 20,0: : Unused nfs imported from pykickstart.commands
W0611(unused-import): 20,0: : Unused ostreesetup imported from pykickstart.commands
W0611(unused-import): 20,0: : Unused partition imported from pykickstart.commands
W0611(unused-import): 20,0: : Unused raid imported from pykickstart.commands
W0611(unused-import): 20,0: : Unused reqpart imported from pykickstart.commands
W0611(unused-import): 20,0: : Unused realm imported from pykickstart.commands
W0611(unused-import): 20,0: : Unused reboot imported from pykickstart.commands
W0611(unused-import): 20,0: : Unused repo imported from pykickstart.commands
W0611(unused-import): 20,0: : Unused rescue imported from pykickstart.commands
W0611(unused-import): 20,0: : Unused rootpw imported from pykickstart.commands
W0611(unused-import): 20,0: : Unused selinux imported from pykickstart.commands
W0611(unused-import): 20,0: : Unused services imported from pykickstart.commands
W0611(unused-import): 20,0: : Unused skipx imported from pykickstart.commands
W0611(unused-import): 20,0: : Unused snapshot imported from pykickstart.commands
W0611(unused-import): 20,0: : Unused sshpw imported from pykickstart.commands
W0611(unused-import): 20,0: : Unused sshkey imported from pykickstart.commands
W0611(unused-import): 20,0: : Unused timezone imported from pykickstart.commands
W0611(unused-import): 20,0: : Unused updates imported from pykickstart.commands
W0611(unused-import): 20,0: : Unused upgrade imported from pykickstart.commands
W0611(unused-import): 20,0: : Unused url imported from pykickstart.commands
W0611(unused-import): 20,0: : Unused user imported from pykickstart.commands
W0611(unused-import): 20,0: : Unused unsupported_hardware imported from pykickstart.commands
W0611(unused-import): 20,0: : Unused vnc imported from pykickstart.commands
W0611(unused-import): 20,0: : Unused volgroup imported from pykickstart.commands
W0611(unused-import): 20,0: : Unused xconfig imported from pykickstart.commands
W0611(unused-import): 20,0: : Unused zerombr imported from pykickstart.commands
W0611(unused-import): 20,0: : Unused zfcp imported from pykickstart.commands
************* Module /home/mkolman/devel/anaconda/updates_dbus_backup/run/install/updates/pykickstart/handlers/__init__.py
W0611(unused-import): 20,0: : Unused fc3 imported from pykickstart.handlers
W0611(unused-import): 20,0: : Unused fc4 imported from pykickstart.handlers
W0611(unused-import): 20,0: : Unused fc5 imported from pykickstart.handlers
W0611(unused-import): 20,0: : Unused fc6 imported from pykickstart.handlers
W0611(unused-import): 20,0: : Unused f7 imported from pykickstart.handlers
W0611(unused-import): 20,0: : Unused f8 imported from pykickstart.handlers
W0611(unused-import): 20,0: : Unused f9 imported from pykickstart.handlers
W0611(unused-import): 20,0: : Unused f10 imported from pykickstart.handlers
W0611(unused-import): 20,0: : Unused f11 imported from pykickstart.handlers
W0611(unused-import): 20,0: : Unused f12 imported from pykickstart.handlers
W0611(unused-import): 20,0: : Unused f13 imported from pykickstart.handlers
W0611(unused-import): 20,0: : Unused f14 imported from pykickstart.handlers
W0611(unused-import): 20,0: : Unused f15 imported from pykickstart.handlers
W0611(unused-import): 20,0: : Unused f16 imported from pykickstart.handlers
W0611(unused-import): 20,0: : Unused f17 imported from pykickstart.handlers
W0611(unused-import): 20,0: : Unused f18 imported from pykickstart.handlers
W0611(unused-import): 20,0: : Unused f19 imported from pykickstart.handlers
W0611(unused-import): 20,0: : Unused f20 imported from pykickstart.handlers
W0611(unused-import): 20,0: : Unused f21 imported from pykickstart.handlers
W0611(unused-import): 20,0: : Unused f22 imported from pykickstart.handlers
W0611(unused-import): 20,0: : Unused f23 imported from pykickstart.handlers
W0611(unused-import): 20,0: : Unused f24 imported from pykickstart.handlers
W0611(unused-import): 20,0: : Unused f25 imported from pykickstart.handlers
W0611(unused-import): 20,0: : Unused f26 imported from pykickstart.handlers
W0611(unused-import): 20,0: : Unused f27 imported from pykickstart.handlers
W0611(unused-import): 20,0: : Unused rhel3 imported from pykickstart.handlers
W0611(unused-import): 20,0: : Unused rhel4 imported from pykickstart.handlers
W0611(unused-import): 20,0: : Unused rhel5 imported from pykickstart.handlers
W0611(unused-import): 20,0: : Unused rhel6 imported from pykickstart.handlers
W0611(unused-import): 20,0: : Unused rhel7 imported from pykickstart.handlers
************* Module /home/mkolman/devel/anaconda/updates_dbus_backup/run/install/updates/blivet/callbacks.py
W0105(pointless-string-statement):263,-1: : String statement has no effect
************* Module /home/mkolman/devel/anaconda/updates_dbus_backup/run/install/updates/blivet/__init__.py
W0611(unused-import): 29,0: : Unused import util
************* Module /home/mkolman/devel/anaconda/updates_dbus_backup/run/install/updates/blivet/devicetree.py
E0712(catching-non-exception):648,27: DeviceTreeBase.resolve_device: Catching an exception which doesn't inherit from Exception: DMError
E0712(catching-non-exception):658,27: DeviceTreeBase.resolve_device: Catching an exception which doesn't inherit from Exception: MDRaidError
************* Module /home/mkolman/devel/anaconda/updates_dbus_backup/run/install/updates/blivet/devicefactory.py
E1101(no-member):1287,15: LVMFactory._get_device_space: Instance of 'int' has no 'get_lv_physical_size' member
E1101(no-member):1338,25: LVMFactory._get_total_space: Instance of 'int' has no 'round_size_to_pe' member
E1101(no-member):1351,21: LVMFactory._get_total_space: Instance of 'int' has no 'get_lv_physical_size' member
E1101(no-member):1705,41: MDFactory._get_device_space: Instance of 'int' has no 'get_superblock_size' member
************* Module /home/mkolman/devel/anaconda/updates_dbus_backup/run/install/updates/blivet/util.py
E1101(no-member):293,23: get_mount_device: Instance of 'int' has no 'get_backing_file' member
************* Module /home/mkolman/devel/anaconda/updates_dbus_backup/run/install/updates/blivet/populator/__init__.py
W0611(unused-import):  1,0: : Unused PopulatorMixin imported from populator
************* Module /home/mkolman/devel/anaconda/updates_dbus_backup/run/install/updates/blivet/udev.py
E1101(no-member):588,17: device_dm_subsystem_match: Instance of 'int' has no 'get_subsystem_from_name' member
************* Module /home/mkolman/devel/anaconda/updates_dbus_backup/run/install/updates/blivet/populator/populator.py
E0712(catching-non-exception):175,23: PopulatorMixin._handle_degraded_md: Catching an exception which doesn't inherit from Exception: MDRaidError
E1101(no-member):174,20: PopulatorMixin._handle_degraded_md: Instance of 'int' has no 'run' member
E1101(no-member):350,28: PopulatorMixin.setup_disk_images: Instance of 'int' has no 'get_loop_name' member
E1101(no-member):431,12: PopulatorMixin._populate: Instance of 'int' has no 'set_friendly_names' member
************* Module /home/mkolman/devel/anaconda/updates_dbus_backup/run/install/updates/blivet/populator/helpers/loop.py
E1101(no-member): 42,23: LoopDevicePopulator.run: Instance of 'int' has no 'get_backing_file' member
************* Module /home/mkolman/devel/anaconda/updates_dbus_backup/run/install/updates/blivet/populator/helpers/__init__.py
W0611(unused-import):  7,0: : Unused BTRFSFormatPopulator imported from btrfs
W0611(unused-import):  8,0: : Unused AppleBootFormatPopulator imported from boot
W0611(unused-import):  8,0: : Unused EFIFormatPopulator imported from boot
W0611(unused-import):  8,0: : Unused MacEFIFormatPopulator imported from boot
W0611(unused-import):  9,0: : Unused DiskDevicePopulator imported from disk
W0611(unused-import):  9,0: : Unused iScsiDevicePopulator imported from disk
W0611(unused-import):  9,0: : Unused FCoEDevicePopulator imported from disk
W0611(unused-import):  9,0: : Unused MDBiosRaidDevicePopulator imported from disk
W0611(unused-import):  9,0: : Unused DASDDevicePopulator imported from disk
W0611(unused-import):  9,0: : Unused ZFCPDevicePopulator imported from disk
W0611(unused-import): 10,0: : Unused DiskLabelFormatPopulator imported from disklabel
W0611(unused-import): 11,0: : Unused DMDevicePopulator imported from dm
W0611(unused-import): 12,0: : Unused DMRaidFormatPopulator imported from dmraid
W0611(unused-import): 13,0: : Unused LoopDevicePopulator imported from loop
W0611(unused-import): 14,0: : Unused LUKSDevicePopulator imported from luks
W0611(unused-import): 14,0: : Unused LUKSFormatPopulator imported from luks
W0611(unused-import): 15,0: : Unused LVMDevicePopulator imported from lvm
W0611(unused-import): 15,0: : Unused LVMFormatPopulator imported from lvm
W0611(unused-import): 16,0: : Unused MDDevicePopulator imported from mdraid
W0611(unused-import): 16,0: : Unused MDFormatPopulator imported from mdraid
W0611(unused-import): 17,0: : Unused MultipathDevicePopulator imported from multipath
W0611(unused-import): 17,0: : Unused MultipathFormatPopulator imported from multipath
W0611(unused-import): 18,0: : Unused OpticalDevicePopulator imported from optical
W0611(unused-import): 19,0: : Unused PartitionDevicePopulator imported from partition
************* Module /home/mkolman/devel/anaconda/updates_dbus_backup/run/install/updates/blivet/populator/helpers/luks.py
E0712(catching-non-exception):106,20: LUKSFormatPopulator.run: Catching an exception which doesn't inherit from Exception: CryptoError
************* Module /home/mkolman/devel/anaconda/updates_dbus_backup/run/install/updates/blivet/populator/helpers/mdraid.py
E0712(catching-non-exception): 89,19: MDDevicePopulator.run: Catching an exception which doesn't inherit from Exception: MDRaidError
E1101(no-member): 88,16: MDDevicePopulator.run: Instance of 'int' has no 'deactivate' member
E0712(catching-non-exception):118,15: MDFormatPopulator.run: Catching an exception which doesn't inherit from Exception: MDRaidError
E1101(no-member):117,22: MDFormatPopulator.run: Instance of 'int' has no 'examine' member
************* Module /home/mkolman/devel/anaconda/updates_dbus_backup/run/install/updates/blivet/populator/helpers/dmraid.py
E1101(no-member): 56,19: DMRaidFormatPopulator.run: Instance of 'int' has no 'get_member_raid_sets' member
E1101(no-member): 69,16: DMRaidFormatPopulator.run: Instance of 'int' has no 'activate_raid_set' member
************* Module /home/mkolman/devel/anaconda/updates_dbus_backup/run/install/updates/blivet/populator/helpers/disk.py
E1101(no-member):151,30: MDBiosRaidDevicePopulator._get_kwargs: Instance of 'int' has no 'node_from_name' member
************* Module /home/mkolman/devel/anaconda/updates_dbus_backup/run/install/updates/blivet/populator/helpers/lvm.py
E1101(no-member):201,30: LVMFormatPopulator._update_lvs.add_lv: Instance of 'int' has no 'lvorigin' member
E1101(no-member):232,28: LVMFormatPopulator._update_lvs.add_lv: Instance of 'int' has no 'thlvpoolname' member
E1101(no-member):236,30: LVMFormatPopulator._update_lvs.add_lv: Instance of 'int' has no 'lvorigin' member
E0712(catching-non-exception):268,27: LVMFormatPopulator._update_lvs.add_lv: Catching an exception which doesn't inherit from Exception: LVMError
************* Module /home/mkolman/devel/anaconda/updates_dbus_backup/run/install/updates/blivet/devices/partition.py
E0712(catching-non-exception):796,23: PartitionDevice._post_destroy: Catching an exception which doesn't inherit from Exception: DMError
E1101(no-member):795,20: PartitionDevice._post_destroy: Instance of 'int' has no 'remove' member
************* Module /home/mkolman/devel/anaconda/updates_dbus_backup/run/install/updates/blivet/devices/md.py
E0712(catching-non-exception):159,19: MDRaidArrayDevice.mdadm_format_uuid: Catching an exception which doesn't inherit from Exception: MDRaidError
E1101(no-member):158,33: MDRaidArrayDevice.mdadm_format_uuid: Instance of 'int' has no 'get_md_uuid' member
E1101(no-member):249,15: MDRaidArrayDevice.get_superblock_size: Instance of 'int' has no 'get_superblock_size' member
E0712(catching-non-exception):263,20: MDRaidArrayDevice.size: Catching an exception which doesn't inherit from Exception: MDRaidError
E1101(no-member):488,8: MDRaidArrayDevice._setup: Instance of 'int' has no 'activate' member
E1101(no-member):513,12: MDRaidArrayDevice.teardown: Instance of 'int' has no 'deactivate' member
E1101(no-member):532,15: MDRaidArrayDevice._post_create: Instance of 'int' has no 'detail' member
E1101(no-member):545,8: MDRaidArrayDevice._create: Instance of 'int' has no 'create' member
E1101(no-member):555,8: MDRaidArrayDevice._remove: Instance of 'int' has no 'remove' member
E1101(no-member):570,39: MDRaidArrayDevice._add: Instance of 'int' has no 'detail' member
E1101(no-member):574,8: MDRaidArrayDevice._add: Instance of 'int' has no 'add' member
************* Module /home/mkolman/devel/anaconda/updates_dbus_backup/run/install/updates/blivet/devices/disk.py
E1101(no-member):263,8: DMRaidArrayDevice.deactivate: Instance of 'int' has no 'deactivate_raid_set' member
E1101(no-member):269,8: DMRaidArrayDevice.activate: Instance of 'int' has no 'activate_raid_set' member
E1101(no-member):295,38: DMRaidArrayDevice.description: Instance of 'int' has no 'get_raid_set_type' member
************* Module /home/mkolman/devel/anaconda/updates_dbus_backup/run/install/updates/blivet/devices/btrfs.py
E0712(catching-non-exception):347,23: BTRFSVolumeDevice.list_subvolumes: Catching an exception which doesn't inherit from Exception: BtrfsError
E1101(no-member):345,30: BTRFSVolumeDevice.list_subvolumes: Instance of 'int' has no 'list_subvolumes' member
E0712(catching-non-exception):365,19: BTRFSVolumeDevice._get_default_subvolume_id: Catching an exception which doesn't inherit from Exception: BtrfsError
E1101(no-member):364,27: BTRFSVolumeDevice._get_default_subvolume_id: Instance of 'int' has no 'get_default_subvolume_id' member
E0712(catching-non-exception):378,19: BTRFSVolumeDevice._set_default_subvolume_id: Catching an exception which doesn't inherit from Exception: BtrfsError
E1101(no-member):377,16: BTRFSVolumeDevice._set_default_subvolume_id: Instance of 'int' has no 'set_default_subvolume' member
E1101(no-member):420,8: BTRFSVolumeDevice._create: Instance of 'int' has no 'create_volume' member
E1101(no-member):446,12: BTRFSVolumeDevice._remove: Instance of 'int' has no 'remove_device' member
E1101(no-member):451,12: BTRFSVolumeDevice._add: Instance of 'int' has no 'add_device' member
E1101(no-member):540,12: BTRFSSubVolumeDevice._create: Instance of 'int' has no 'create_subvolume' member
E1101(no-member):554,12: BTRFSSubVolumeDevice._destroy: Instance of 'int' has no 'delete_subvolume' member
E1101(no-member):644,12: BTRFSSnapShotDevice._create: Instance of 'int' has no 'create_snapshot' member
************* Module /home/mkolman/devel/anaconda/updates_dbus_backup/run/install/updates/blivet/devices/loop.py
E1101(no-member): 84,15: LoopDevice.update_name: Instance of 'int' has no 'get_loop_name' member
E1101(no-member): 94,16: LoopDevice.status: Instance of 'int' has no 'get_loop_name' member
E1101(no-member):109,8: LoopDevice._setup: Instance of 'int' has no 'setup' member
E1101(no-member):120,8: LoopDevice._teardown: Instance of 'int' has no 'teardown' member
************* Module /home/mkolman/devel/anaconda/updates_dbus_backup/run/install/updates/blivet/devices/dm.py
E0712(catching-non-exception):114,15: DMDevice.status: Catching an exception which doesn't inherit from Exception: DMError
E1101(no-member):113,19: DMDevice.status: Instance of 'int' has no 'map_exists' member
E1101(no-member):129,15: DMDevice.get_dm_node: Instance of 'int' has no 'node_from_name' member
E1101(no-member):147,16: DMDevice.teardown_partitions: Instance of 'int' has no 'remove' member
E1101(no-member):198,8: DMLinearDevice._setup: Instance of 'int' has no 'create_linear' member
E1101(no-member):209,8: DMLinearDevice._teardown: Instance of 'int' has no 'remove' member
************* Module /home/mkolman/devel/anaconda/updates_dbus_backup/run/install/updates/blivet/devices/lvm.py
E1101(no-member): 93,45: LVMVolumeGroupDevice.get_supported_pe_sizes: Instance of 'int' has no 'get_supported_pe_sizes' member
E1101(no-member):239,8: LVMVolumeGroupDevice._teardown: Instance of 'int' has no 'vgdeactivate' member
E1101(no-member):245,8: LVMVolumeGroupDevice._create: Instance of 'int' has no 'vgcreate' member
E1101(no-member):269,8: LVMVolumeGroupDevice._destroy: Instance of 'int' has no 'vgreduce' member
E1101(no-member):270,8: LVMVolumeGroupDevice._destroy: Instance of 'int' has no 'vgdeactivate' member
E1101(no-member):271,8: LVMVolumeGroupDevice._destroy: Instance of 'int' has no 'vgremove' member
E1101(no-member):283,12: LVMVolumeGroupDevice._remove: Instance of 'int' has no 'pvmove' member
E1101(no-member):284,8: LVMVolumeGroupDevice._remove: Instance of 'int' has no 'vgreduce' member
E1101(no-member):291,8: LVMVolumeGroupDevice._add: Instance of 'int' has no 'vgextend' member
E1101(no-member):848,15: LVMLogicalVolumeBase.get_dm_node: Instance of 'int' has no 'node_from_name' member
E1101(no-member):912,8: LVMLogicalVolumeBase._teardown: Instance of 'int' has no 'lvdeactivate' member
E1101(no-member):1309,8: LVMSnapshotMixin.merge: Instance of 'int' has no 'lvsnapshotmerge' member
E1101(no-member):1353,8: LVMSnapshotMixin._setup: Instance of 'int' has no 'lvactivate' member
E1101(no-member):1364,12: LVMSnapshotMixin._create: Instance of 'int' has no 'lvsnapshotcreate' member
E1101(no-member):1372,12: LVMSnapshotMixin._create: Instance of 'int' has no 'thsnapshotcreate' member
E1101(no-member):1388,8: LVMSnapshotMixin._destroy: Instance of 'int' has no 'lvremove' member
E1101(no-member):1425,39: LVMThinPoolMixin._init_check: Instance of 'int' has no 'is_valid_thpool_md_size' member
E1101(no-member):1428,36: LVMThinPoolMixin._init_check: Instance of 'int' has no 'is_valid_thpool_chunk_size' member
E1101(no-member):1519,35: LVMThinPoolMixin.autoset_md_size: Instance of 'int' has no 'get_thpool_meta_size' member
E1101(no-member):1552,12: LVMThinPoolMixin._create: Instance of 'int' has no 'thpool_convert' member
E1101(no-member):1555,12: LVMThinPoolMixin._create: Instance of 'int' has no 'thpoolcreate' member
E1101(no-member):1650,8: LVMThinLogicalVolumeMixin._create: Instance of 'int' has no 'thlvcreate' member
E1101(no-member):1956,8: LVMLogicalVolumeDevice._setup: Instance of 'int' has no 'lvactivate' member
E0712(catching-non-exception):1964,15: LVMLogicalVolumeDevice._pre_create: Catching an exception which doesn't inherit from Exception: LVMError
E1101(no-member):1963,22: LVMLogicalVolumeDevice._pre_create: Instance of 'int' has no 'vginfo' member
E1101(no-member):1990,12: LVMLogicalVolumeDevice._create: Instance of 'int' has no 'lvcreate' member
E1101(no-member):1993,19: LVMLogicalVolumeDevice._create: Instance of 'int' has no 'cache_get_mode_from_str' member
E1101(no-member):2014,12: LVMLogicalVolumeDevice._create: Instance of 'int' has no 'cache_create_cached_lv' member
E1101(no-member):2035,8: LVMLogicalVolumeDevice._destroy: Instance of 'int' has no 'lvremove' member
E1101(no-member):2050,8: LVMLogicalVolumeDevice.resize: Instance of 'int' has no 'lvresize' member
E1101(no-member):2144,8: LVMLogicalVolumeDevice.attach_cache: Instance of 'int' has no 'cache_attach' member
E1101(no-member):2177,35: LVMCache.__init__: Instance of 'int' has no 'cache_get_default_md_size' member
E1101(no-member):2246,33: LVMCache.stats: Instance of 'int' has no 'cache_stats' member
E1101(no-member):2255,20: LVMCache.mode: Instance of 'int' has no 'cache_stats' member
E1101(no-member):2256,19: LVMCache.mode: Instance of 'int' has no 'cache_get_mode_str' member
E1101(no-member):2269,39: LVMCache.cache_device_name: Instance of 'int' has no 'cache_pool_name' member
E1101(no-member):2288,14: LVMCache.detach: Instance of 'int' has no 'cache_pool_name' member
E1101(no-member):2289,8: LVMCache.detach: Instance of 'int' has no 'cache_detach' member
************* Module /home/mkolman/devel/anaconda/updates_dbus_backup/run/install/updates/blivet/devices/__init__.py
W0611(unused-import): 22,0: : Unused device_path_to_name imported from lib
W0611(unused-import): 22,0: : Unused device_name_to_disk_by_path imported from lib
W0611(unused-import): 22,0: : Unused ParentList imported from lib
W0611(unused-import): 23,0: : Unused Device imported from device
W0611(unused-import): 24,0: : Unused StorageDevice imported from storage
W0611(unused-import): 25,0: : Unused DiskDevice imported from disk
W0611(unused-import): 25,0: : Unused DiskFile imported from disk
W0611(unused-import): 25,0: : Unused DMRaidArrayDevice imported from disk
W0611(unused-import): 25,0: : Unused MultipathDevice imported from disk
W0611(unused-import): 25,0: : Unused iScsiDiskDevice imported from disk
W0611(unused-import): 25,0: : Unused FcoeDiskDevice imported from disk
W0611(unused-import): 25,0: : Unused DASDDevice imported from disk
W0611(unused-import): 25,0: : Unused ZFCPDiskDevice imported from disk
W0611(unused-import): 26,0: : Unused PartitionDevice imported from partition
W0611(unused-import): 27,0: : Unused DMDevice imported from dm
W0611(unused-import): 27,0: : Unused DMLinearDevice imported from dm
W0611(unused-import): 27,0: : Unused DMCryptDevice imported from dm
W0611(unused-import): 27,0: : Unused DM_MAJORS imported from dm
W0611(unused-import): 28,0: : Unused LUKSDevice imported from luks
W0611(unused-import): 29,0: : Unused LVMVolumeGroupDevice imported from lvm
W0611(unused-import): 29,0: : Unused LVMLogicalVolumeDevice imported from lvm
W0611(unused-import): 30,0: : Unused MDBiosRaidArrayDevice imported from md
W0611(unused-import): 30,0: : Unused MDContainerDevice imported from md
W0611(unused-import): 30,0: : Unused MDRaidArrayDevice imported from md
W0611(unused-import): 30,0: : Unused MD_MAJORS imported from md
W0611(unused-import): 31,0: : Unused BTRFSDevice imported from btrfs
W0611(unused-import): 31,0: : Unused BTRFSVolumeDevice imported from btrfs
W0611(unused-import): 31,0: : Unused BTRFSSubVolumeDevice imported from btrfs
W0611(unused-import): 31,0: : Unused BTRFSSnapShotDevice imported from btrfs
W0611(unused-import): 32,0: : Unused FileDevice imported from file
W0611(unused-import): 32,0: : Unused DirectoryDevice imported from file
W0611(unused-import): 32,0: : Unused SparseFileDevice imported from file
W0611(unused-import): 33,0: : Unused LoopDevice imported from loop
W0611(unused-import): 34,0: : Unused OpticalDevice imported from optical
W0611(unused-import): 35,0: : Unused NoDevice imported from nodev
W0611(unused-import): 35,0: : Unused TmpFSDevice imported from nodev
W0611(unused-import): 36,0: : Unused NetworkStorageDevice imported from network
W0611(unused-import): 37,0: : Unused NFSDevice imported from nfs
************* Module /home/mkolman/devel/anaconda/updates_dbus_backup/run/install/updates/blivet/tasks/dfresize.py
W0223(abstract-method): 29,0: DFResizeTask: Method 'do_task' is abstract in class 'Task' but is not overridden
************* Module /home/mkolman/devel/anaconda/updates_dbus_backup/run/install/updates/blivet/tasks/fsck.py
W0221(arguments-differ): 70,4: FSCK.do_task: Parameters differ from overridden 'do_task' method
W0223(abstract-method):151,0: UnimplementedFSCK: Method 'do_task' is abstract in class 'UnimplementedTask' but is not overridden
************* Module /home/mkolman/devel/anaconda/updates_dbus_backup/run/install/updates/blivet/tasks/fsinfo.py
W0221(arguments-differ): 53,4: FSInfo.do_task: Parameters differ from overridden 'do_task' method
W0223(abstract-method):101,0: UnimplementedFSInfo: Method 'do_task' is abstract in class 'UnimplementedTask' but is not overridden
************* Module /home/mkolman/devel/anaconda/updates_dbus_backup/run/install/updates/blivet/tasks/fsminsize.py
W0221(arguments-differ): 66,4: FSMinSize.do_task: Parameters differ from overridden 'do_task' method
W0223(abstract-method):178,0: UnimplementedFSMinSize: Method 'do_task' is abstract in class 'UnimplementedTask' but is not overridden
************* Module /home/mkolman/devel/anaconda/updates_dbus_backup/run/install/updates/blivet/tasks/fsreadlabel.py
W0221(arguments-differ): 72,4: FSReadLabel.do_task: Parameters differ from overridden 'do_task' method
W0223(abstract-method):127,0: UnimplementedFSReadLabel: Method 'do_task' is abstract in class 'UnimplementedTask' but is not overridden
************* Module /home/mkolman/devel/anaconda/updates_dbus_backup/run/install/updates/blivet/tasks/fsresize.py
W0223(abstract-method): 36,0: FSResizeTask: Method 'do_task' is abstract in class 'Task' but is not overridden
W0221(arguments-differ): 65,4: FSResize.do_task: Parameters differ from overridden 'do_task' method
************* Module /home/mkolman/devel/anaconda/updates_dbus_backup/run/install/updates/blivet/tasks/fssync.py
W0221(arguments-differ): 42,4: FSSync.do_task: Parameters differ from overridden 'do_task' method
W0223(abstract-method): 81,0: UnimplementedFSSync: Method 'do_task' is abstract in class 'UnimplementedTask' but is not overridden
************* Module /home/mkolman/devel/anaconda/updates_dbus_backup/run/install/updates/blivet/tasks/fssize.py
W0221(arguments-differ): 60,4: FSSize.do_task: Parameters differ from overridden 'do_task' method
W0221(arguments-differ):135,4: TmpFSSize.do_task: Parameters differ from overridden 'do_task' method
W0223(abstract-method):154,0: UnimplementedFSSize: Method 'do_task' is abstract in class 'UnimplementedTask' but is not overridden
************* Module /home/mkolman/devel/anaconda/updates_dbus_backup/run/install/updates/blivet/tasks/fstask.py
W0223(abstract-method): 29,0: FSTask: Method 'do_task' is abstract in class 'Task' but is not overridden
W0223(abstract-method): 45,0: UnimplementedFSTask: Method 'do_task' is abstract in class 'UnimplementedTask' but is not overridden
************* Module /home/mkolman/devel/anaconda/updates_dbus_backup/run/install/updates/blivet/tasks/task.py
W0223(abstract-method): 85,0: BasicApplication: Method 'do_task' is abstract in class 'Task' but is not overridden
************* Module /home/mkolman/devel/anaconda/updates_dbus_backup/run/install/updates/blivet/tasks/fswritelabel.py
W0221(arguments-differ): 54,4: FSWriteLabel.do_task: Parameters differ from overridden 'do_task' method
W0223(abstract-method):112,0: UnimplementedFSWriteLabel: Method 'do_task' is abstract in class 'UnimplementedTask' but is not overridden
************* Module /home/mkolman/devel/anaconda/updates_dbus_backup/run/install/updates/blivet/tasks/pvtask.py
W0221(arguments-differ): 49,4: PVSize.do_task: Parameters differ from overridden 'do_task' method
E0712(catching-non-exception): 60,15: PVSize.do_task: Catching an exception which doesn't inherit from Exception: LVMError
E1101(no-member): 58,22: PVSize.do_task: Instance of 'int' has no 'pvinfo' member
************* Module /home/mkolman/devel/anaconda/updates_dbus_backup/run/install/updates/blivet/tasks/lukstasks.py
W0221(arguments-differ): 52,4: LUKSSize.do_task: Parameters differ from overridden 'do_task' method
E0712(catching-non-exception): 63,15: LUKSSize.do_task: Catching an exception which doesn't inherit from Exception: DMError
E1101(no-member): 61,21: LUKSSize.do_task: Instance of 'int' has no 'node_from_name' member
W0221(arguments-differ): 86,4: LUKSResize.do_task: Parameters differ from overridden 'do_task' method
E0712(catching-non-exception): 90,15: LUKSResize.do_task: Catching an exception which doesn't inherit from Exception: CryptoError
E1101(no-member): 89,12: LUKSResize.do_task: Instance of 'int' has no 'luks_resize' member
************* Module /home/mkolman/devel/anaconda/updates_dbus_backup/run/install/updates/blivet/tasks/fsmkfs.py
W0223(abstract-method): 35,0: FSMkfsTask: Method 'do_task' is abstract in class 'Task' but is not overridden
W0223(abstract-method):301,0: UnimplementedFSMkfs: Method 'do_task' is abstract in class 'UnimplementedTask' but is not overridden
************* Module /home/mkolman/devel/anaconda/updates_dbus_backup/run/install/updates/blivet/tasks/availability.py
E0712(catching-non-exception):168,15: VersionMethod.availability_errors: Catching an exception which doesn't inherit from Exception: UtilsError
E1101(no-member):159,18: VersionMethod.availability_errors: Instance of 'int' has no 'check_util_version' member
************* Module /home/mkolman/devel/anaconda/updates_dbus_backup/run/install/updates/blivet/tasks/fswriteuuid.py
W0221(arguments-differ): 33,4: FSWriteUUID.do_task: Parameters differ from overridden 'do_task' method
W0223(abstract-method): 84,0: UnimplementedFSWriteUUID: Method 'do_task' is abstract in class 'UnimplementedTask' but is not overridden
************* Module /home/mkolman/devel/anaconda/updates_dbus_backup/run/install/updates/blivet/static_data/__init__.py
W0611(unused-import):  1,0: : Unused lvs_info imported from lvm_info
W0611(unused-import):  1,0: : Unused pvs_info imported from lvm_info
W0611(unused-import):  2,0: : Unused luks_data imported from luks_data
W0611(unused-import):  3,0: : Unused mpath_members imported from mpath_info
************* Module /home/mkolman/devel/anaconda/updates_dbus_backup/run/install/updates/blivet/static_data/lvm_info.py
E1101(no-member): 41,22: LVsInfo.cache: Instance of 'int' has no 'lvs' member
E1101(no-member): 68,22: PVsInfo.cache: Instance of 'int' has no 'pvs' member
E0712(catching-non-exception): 81,27: PVsInfo.cache: Catching an exception which doesn't inherit from Exception: MDRaidError
E1101(no-member): 79,34: PVsInfo.cache: Instance of 'int' has no 'node_from_name' member
E0712(catching-non-exception): 87,27: PVsInfo.cache: Catching an exception which doesn't inherit from Exception: MDRaidError
************* Module /home/mkolman/devel/anaconda/updates_dbus_backup/run/install/updates/blivet/static_data/mpath_info.py
E1101(no-member): 44,32: MpathMembers.is_mpath_member: Instance of 'int' has no 'get_mpath_members' member
E1101(no-member): 59,11: MpathMembers.update_cache: Instance of 'int' has no 'is_mpath_member' member
************* Module /home/mkolman/devel/anaconda/updates_dbus_backup/run/install/updates/blivet/devicelibs/lvm.py
E1101(no-member): 99,4: _set_global_config: Instance of 'int' has no 'set_global_config' member
************* Module /home/mkolman/devel/anaconda/updates_dbus_backup/run/install/updates/blivet/formats/mdraid.py
E1101(no-member): 92,8: MDRaidMember._destroy: Instance of 'int' has no 'destroy' member
************* Module /home/mkolman/devel/anaconda/updates_dbus_backup/run/install/updates/blivet/formats/__init__.py
W0611(unused-import): 27,0: : Unused BlockDev imported from gi.repository as blockdev
W0611(unused-import): 30,0: : Unused import importlib
W0611(unused-import): 33,0: : Unused get_sysfs_path_by_name imported from util
W0611(unused-import): 41,0: : Unused flags imported from flags
W0611(unused-import): 48,0: : Unused fsck imported from tasks
W0611(unused-import):740,0: : Unused import biosboot
W0611(unused-import):740,0: : Unused import disklabel
W0611(unused-import):740,0: : Unused import dmraid
W0611(unused-import):740,0: : Unused import fslib
W0611(unused-import):740,0: : Unused import fs
W0611(unused-import):740,0: : Unused import luks
W0611(unused-import):740,0: : Unused import lvmpv
W0611(unused-import):740,0: : Unused import mdraid
W0611(unused-import):740,0: : Unused import multipath
W0611(unused-import):740,0: : Unused import prepboot
W0611(unused-import):740,0: : Unused import swap
************* Module /home/mkolman/devel/anaconda/updates_dbus_backup/run/install/updates/blivet/formats/lvmpv.py
E1101(no-member):125,8: LVMPhysicalVolume._create: Instance of 'int' has no 'pvcreate' member
E0712(catching-non-exception):132,15: LVMPhysicalVolume._destroy: Catching an exception which doesn't inherit from Exception: LVMError
E1101(no-member):131,12: LVMPhysicalVolume._destroy: Instance of 'int' has no 'pvremove' member
E1101(no-member):163,26: LVMPhysicalVolume.free: Instance of 'int' has no 'pvinfo' member
************* Module /home/mkolman/devel/anaconda/updates_dbus_backup/run/install/updates/blivet/formats/disklabel.py
E1101(no-member):254,15: DiskLabel._get_best_label_type: Instance of 'int' has no 'dasd_is_fba' member
************* Module /home/mkolman/devel/anaconda/updates_dbus_backup/run/install/updates/blivet/formats/swap.py
E1101(no-member):160,31: SwapSpace.status: Instance of 'int' has no 'swapstatus' member
E1101(no-member):165,8: SwapSpace._setup: Instance of 'int' has no 'swapon' member
E1101(no-member):171,8: SwapSpace._teardown: Instance of 'int' has no 'swapoff' member
E1101(no-member):177,12: SwapSpace._create: Instance of 'int' has no 'mkswap' member
E1101(no-member):181,12: SwapSpace._create: Instance of 'int' has no 'mkswap' member
************* Module /home/mkolman/devel/anaconda/updates_dbus_backup/run/install/updates/blivet/formats/luks.py
E0712(catching-non-exception):228,15: LUKS._setup: Catching an exception which doesn't inherit from Exception: CryptoError
E1101(no-member):225,12: LUKS._setup: Instance of 'int' has no 'luks_open' member
E1101(no-member):236,8: LUKS._teardown: Instance of 'int' has no 'luks_close' member
E1101(no-member):248,8: LUKS._create: Instance of 'int' has no 'luks_format' member
E1101(no-member):257,20: LUKS._post_create: Instance of 'int' has no 'luks_uuid' member
E1101(no-member):281,8: LUKS.add_passphrase: Instance of 'int' has no 'luks_add_key' member
E1101(no-member):298,8: LUKS.remove_passphrase: Instance of 'int' has no 'luks_remove_key' member
E1101(no-member):304,8: LUKS.escrow: Instance of 'int' has no 'escrow_device' member
************* Module /home/mkolman/devel/anaconda/updates_dbus_backup/run/install/updates/pyanaconda/bootloader.py
E1101(no-member):364,15: BootLoader.disklabel_types: Class 'DiskLabel' has no 'get_platform_label_types' member
************* Module /home/mkolman/devel/anaconda/updates_dbus_backup/run/install/updates/pyanaconda/network.py
E1101(no-member):135,16: getIPs: Module 'dbus' has no 'DBusException' member
************* Module /home/mkolman/devel/anaconda/updates_dbus_backup/run/install/updates/pyanaconda/kickstart.py
E1101(no-member):642,52: ClearPart.parse: Class 'DiskLabel' has no 'get_platform_label_types' member
E1101(no-member):684,19: ClearPart.execute: Class 'DiskLabel' has no 'set_default_label_type' member
E1101(no-member):686,93: ClearPart.execute: Class 'DiskLabel' has no 'get_platform_label_types' member
************* Module /home/mkolman/devel/anaconda/updates_dbus_backup/run/install/updates/pyanaconda/storage/autopart.py
E0611(no-name-in-module): 30,0: : No name 'DEFAULT_THPOOL_RESERVE' in module 'blivet.devices.lvm'
************* Module /home/mkolman/devel/anaconda/updates_dbus_backup/run/install/updates/pyanaconda/ui/gui/spokes/storage.py
E0611(no-name-in-module): 46,0: : No name 'AnacondaWidgets' in module 'gi.repository'
E1101(no-member):951,30: StorageSpoke._check_space_and_get_dialog: Class 'DiskLabel' has no 'get_platform_label_types' member
************* Module /home/mkolman/devel/anaconda/updates_dbus_backup/updates/usr/bin/setup_updates.py
W0611(unused-import):  3,0: : Unused import sys
************* Module /home/mkolman/devel/anaconda/updates_dbus_backup/run/install/updates/pyanaconda/ui/gui/spokes/custom_storage.py
E0611(no-name-in-module): 35,0: : No name 'AnacondaWidgets' in module 'gi.repository'
E0401(import-error): 35,0: : Unable to import 'gi.repository.AnacondaWidgets'
************* Module /home/mkolman/devel/anaconda/updates_dbus_backup/run/install/updates/pyanaconda/ui/tui/spokes/storage.py
E0611(no-name-in-module): 54,0: : No name 'EntryWidget' in module 'simpleline.render.widgets'
************* Module /home/mkolman/devel/anaconda/updates_dbus_backup/updates/run/install/updates/pykickstart/options.py
W0221(arguments-differ):110,4: KSOptionParser.parse_args: Parameters differ from overridden 'parse_args' method
************* Module /home/mkolman/devel/anaconda/updates_dbus_backup/updates/usr/sbin/anaconda
E1101(no-member):645,12: : Instance of 'InstallerStorage' has no 'disk_images' member
************* Module /home/mkolman/devel/anaconda/updates_dbus_backup/updates/run/install/updates/pykickstart/commands/__init__.py
W0611(unused-import): 20,0: : Unused authconfig imported from pykickstart.commands
W0611(unused-import): 20,0: : Unused autopart imported from pykickstart.commands
W0611(unused-import): 20,0: : Unused autostep imported from pykickstart.commands
W0611(unused-import): 20,0: : Unused bootloader imported from pykickstart.commands
W0611(unused-import): 20,0: : Unused btrfs imported from pykickstart.commands
W0611(unused-import): 20,0: : Unused clearpart imported from pykickstart.commands
W0611(unused-import): 20,0: : Unused cdrom imported from pykickstart.commands
W0611(unused-import): 20,0: : Unused device imported from pykickstart.commands
W0611(unused-import): 20,0: : Unused deviceprobe imported from pykickstart.commands
W0611(unused-import): 20,0: : Unused displaymode imported from pykickstart.commands
W0611(unused-import): 20,0: : Unused dmraid imported from pykickstart.commands
W0611(unused-import): 20,0: : Unused driverdisk imported from pykickstart.commands
W0611(unused-import): 20,0: : Unused eula imported from pykickstart.commands
W0611(unused-import): 20,0: : Unused fcoe imported from pykickstart.commands
W0611(unused-import): 20,0: : Unused firewall imported from pykickstart.commands
W0611(unused-import): 20,0: : Unused firstboot imported from pykickstart.commands
W0611(unused-import): 20,0: : Unused group imported from pykickstart.commands
W0611(unused-import): 20,0: : Unused harddrive imported from pykickstart.commands
W0611(unused-import): 20,0: : Unused ignoredisk imported from pykickstart.commands
W0611(unused-import): 20,0: : Unused interactive imported from pykickstart.commands
W0611(unused-import): 20,0: : Unused iscsi imported from pykickstart.commands
W0611(unused-import): 20,0: : Unused iscsiname imported from pykickstart.commands
W0611(unused-import): 20,0: : Unused key imported from pykickstart.commands
W0611(unused-import): 20,0: : Unused keyboard imported from pykickstart.commands
W0611(unused-import): 20,0: : Unused lang imported from pykickstart.commands
W0611(unused-import): 20,0: : Unused langsupport imported from pykickstart.commands
W0611(unused-import): 20,0: : Unused lilocheck imported from pykickstart.commands
W0611(unused-import): 20,0: : Unused liveimg imported from pykickstart.commands
W0611(unused-import): 20,0: : Unused logging imported from pykickstart.commands
W0611(unused-import): 20,0: : Unused logvol imported from pykickstart.commands
W0611(unused-import): 20,0: : Unused mediacheck imported from pykickstart.commands
W0611(unused-import): 20,0: : Unused method imported from pykickstart.commands
W0611(unused-import): 20,0: : Unused monitor imported from pykickstart.commands
W0611(unused-import): 20,0: : Unused mount imported from pykickstart.commands
W0611(unused-import): 20,0: : Unused mouse imported from pykickstart.commands
W0611(unused-import): 20,0: : Unused multipath imported from pykickstart.commands
W0611(unused-import): 20,0: : Unused network imported from pykickstart.commands
W0611(unused-import): 20,0: : Unused nfs imported from pykickstart.commands
W0611(unused-import): 20,0: : Unused ostreesetup imported from pykickstart.commands
W0611(unused-import): 20,0: : Unused partition imported from pykickstart.commands
W0611(unused-import): 20,0: : Unused raid imported from pykickstart.commands
W0611(unused-import): 20,0: : Unused reqpart imported from pykickstart.commands
W0611(unused-import): 20,0: : Unused realm imported from pykickstart.commands
W0611(unused-import): 20,0: : Unused reboot imported from pykickstart.commands
W0611(unused-import): 20,0: : Unused repo imported from pykickstart.commands
W0611(unused-import): 20,0: : Unused rescue imported from pykickstart.commands
W0611(unused-import): 20,0: : Unused rootpw imported from pykickstart.commands
W0611(unused-import): 20,0: : Unused selinux imported from pykickstart.commands
W0611(unused-import): 20,0: : Unused services imported from pykickstart.commands
W0611(unused-import): 20,0: : Unused skipx imported from pykickstart.commands
W0611(unused-import): 20,0: : Unused snapshot imported from pykickstart.commands
W0611(unused-import): 20,0: : Unused sshpw imported from pykickstart.commands
W0611(unused-import): 20,0: : Unused sshkey imported from pykickstart.commands
W0611(unused-import): 20,0: : Unused timezone imported from pykickstart.commands
W0611(unused-import): 20,0: : Unused updates imported from pykickstart.commands
W0611(unused-import): 20,0: : Unused upgrade imported from pykickstart.commands
W0611(unused-import): 20,0: : Unused url imported from pykickstart.commands
W0611(unused-import): 20,0: : Unused user imported from pykickstart.commands
W0611(unused-import): 20,0: : Unused unsupported_hardware imported from pykickstart.commands
W0611(unused-import): 20,0: : Unused vnc imported from pykickstart.commands
W0611(unused-import): 20,0: : Unused volgroup imported from pykickstart.commands
W0611(unused-import): 20,0: : Unused xconfig imported from pykickstart.commands
W0611(unused-import): 20,0: : Unused zerombr imported from pykickstart.commands
W0611(unused-import): 20,0: : Unused zfcp imported from pykickstart.commands
************* Module /home/mkolman/devel/anaconda/updates_dbus_backup/updates/run/install/updates/pykickstart/handlers/__init__.py
W0611(unused-import): 20,0: : Unused fc3 imported from pykickstart.handlers
W0611(unused-import): 20,0: : Unused fc4 imported from pykickstart.handlers
W0611(unused-import): 20,0: : Unused fc5 imported from pykickstart.handlers
W0611(unused-import): 20,0: : Unused fc6 imported from pykickstart.handlers
W0611(unused-import): 20,0: : Unused f7 imported from pykickstart.handlers
W0611(unused-import): 20,0: : Unused f8 imported from pykickstart.handlers
W0611(unused-import): 20,0: : Unused f9 imported from pykickstart.handlers
W0611(unused-import): 20,0: : Unused f10 imported from pykickstart.handlers
W0611(unused-import): 20,0: : Unused f11 imported from pykickstart.handlers
W0611(unused-import): 20,0: : Unused f12 imported from pykickstart.handlers
W0611(unused-import): 20,0: : Unused f13 imported from pykickstart.handlers
W0611(unused-import): 20,0: : Unused f14 imported from pykickstart.handlers
W0611(unused-import): 20,0: : Unused f15 imported from pykickstart.handlers
W0611(unused-import): 20,0: : Unused f16 imported from pykickstart.handlers
W0611(unused-import): 20,0: : Unused f17 imported from pykickstart.handlers
W0611(unused-import): 20,0: : Unused f18 imported from pykickstart.handlers
W0611(unused-import): 20,0: : Unused f19 imported from pykickstart.handlers
W0611(unused-import): 20,0: : Unused f20 imported from pykickstart.handlers
W0611(unused-import): 20,0: : Unused f21 imported from pykickstart.handlers
W0611(unused-import): 20,0: : Unused f22 imported from pykickstart.handlers
W0611(unused-import): 20,0: : Unused f23 imported from pykickstart.handlers
W0611(unused-import): 20,0: : Unused f24 imported from pykickstart.handlers
W0611(unused-import): 20,0: : Unused f25 imported from pykickstart.handlers
W0611(unused-import): 20,0: : Unused f26 imported from pykickstart.handlers
W0611(unused-import): 20,0: : Unused f27 imported from pykickstart.handlers
W0611(unused-import): 20,0: : Unused rhel3 imported from pykickstart.handlers
W0611(unused-import): 20,0: : Unused rhel4 imported from pykickstart.handlers
W0611(unused-import): 20,0: : Unused rhel5 imported from pykickstart.handlers
W0611(unused-import): 20,0: : Unused rhel6 imported from pykickstart.handlers
W0611(unused-import): 20,0: : Unused rhel7 imported from pykickstart.handlers
************* Module /home/mkolman/devel/anaconda/updates_dbus_backup/updates/run/install/updates/blivet/callbacks.py
W0105(pointless-string-statement):263,-1: : String statement has no effect
************* Module /home/mkolman/devel/anaconda/updates_dbus_backup/updates/run/install/updates/blivet/__init__.py
W0611(unused-import): 29,0: : Unused import util
************* Module /home/mkolman/devel/anaconda/updates_dbus_backup/updates/run/install/updates/blivet/devicetree.py
E0712(catching-non-exception):648,27: DeviceTreeBase.resolve_device: Catching an exception which doesn't inherit from Exception: DMError
E0712(catching-non-exception):658,27: DeviceTreeBase.resolve_device: Catching an exception which doesn't inherit from Exception: MDRaidError
************* Module /home/mkolman/devel/anaconda/updates_dbus_backup/updates/run/install/updates/blivet/devicefactory.py
E1101(no-member):1287,15: LVMFactory._get_device_space: Instance of 'int' has no 'get_lv_physical_size' member
E1101(no-member):1338,25: LVMFactory._get_total_space: Instance of 'int' has no 'round_size_to_pe' member
E1101(no-member):1351,21: LVMFactory._get_total_space: Instance of 'int' has no 'get_lv_physical_size' member
E1101(no-member):1705,41: MDFactory._get_device_space: Instance of 'int' has no 'get_superblock_size' member
************* Module /home/mkolman/devel/anaconda/updates_dbus_backup/updates/run/install/updates/blivet/util.py
E1101(no-member):293,23: get_mount_device: Instance of 'int' has no 'get_backing_file' member
************* Module /home/mkolman/devel/anaconda/updates_dbus_backup/updates/run/install/updates/blivet/populator/__init__.py
W0611(unused-import):  1,0: : Unused PopulatorMixin imported from populator
************* Module /home/mkolman/devel/anaconda/updates_dbus_backup/updates/run/install/updates/blivet/udev.py
E1101(no-member):588,17: device_dm_subsystem_match: Instance of 'int' has no 'get_subsystem_from_name' member
************* Module /home/mkolman/devel/anaconda/updates_dbus_backup/updates/run/install/updates/blivet/populator/populator.py
E0712(catching-non-exception):175,23: PopulatorMixin._handle_degraded_md: Catching an exception which doesn't inherit from Exception: MDRaidError
E1101(no-member):174,20: PopulatorMixin._handle_degraded_md: Instance of 'int' has no 'run' member
E1101(no-member):350,28: PopulatorMixin.setup_disk_images: Instance of 'int' has no 'get_loop_name' member
E1101(no-member):431,12: PopulatorMixin._populate: Instance of 'int' has no 'set_friendly_names' member
************* Module /home/mkolman/devel/anaconda/updates_dbus_backup/updates/run/install/updates/blivet/populator/helpers/__init__.py
W0611(unused-import):  7,0: : Unused BTRFSFormatPopulator imported from btrfs
W0611(unused-import):  8,0: : Unused AppleBootFormatPopulator imported from boot
W0611(unused-import):  8,0: : Unused EFIFormatPopulator imported from boot
W0611(unused-import):  8,0: : Unused MacEFIFormatPopulator imported from boot
W0611(unused-import):  9,0: : Unused DiskDevicePopulator imported from disk
W0611(unused-import):  9,0: : Unused iScsiDevicePopulator imported from disk
W0611(unused-import):  9,0: : Unused FCoEDevicePopulator imported from disk
W0611(unused-import):  9,0: : Unused MDBiosRaidDevicePopulator imported from disk
W0611(unused-import):  9,0: : Unused DASDDevicePopulator imported from disk
W0611(unused-import):  9,0: : Unused ZFCPDevicePopulator imported from disk
W0611(unused-import): 10,0: : Unused DiskLabelFormatPopulator imported from disklabel
W0611(unused-import): 11,0: : Unused DMDevicePopulator imported from dm
W0611(unused-import): 12,0: : Unused DMRaidFormatPopulator imported from dmraid
W0611(unused-import): 13,0: : Unused LoopDevicePopulator imported from loop
W0611(unused-import): 14,0: : Unused LUKSDevicePopulator imported from luks
W0611(unused-import): 14,0: : Unused LUKSFormatPopulator imported from luks
W0611(unused-import): 15,0: : Unused LVMDevicePopulator imported from lvm
W0611(unused-import): 15,0: : Unused LVMFormatPopulator imported from lvm
W0611(unused-import): 16,0: : Unused MDDevicePopulator imported from mdraid
W0611(unused-import): 16,0: : Unused MDFormatPopulator imported from mdraid
W0611(unused-import): 17,0: : Unused MultipathDevicePopulator imported from multipath
W0611(unused-import): 17,0: : Unused MultipathFormatPopulator imported from multipath
W0611(unused-import): 18,0: : Unused OpticalDevicePopulator imported from optical
W0611(unused-import): 19,0: : Unused PartitionDevicePopulator imported from partition
************* Module /home/mkolman/devel/anaconda/updates_dbus_backup/updates/run/install/updates/blivet/populator/helpers/loop.py
E1101(no-member): 42,23: LoopDevicePopulator.run: Instance of 'int' has no 'get_backing_file' member
************* Module /home/mkolman/devel/anaconda/updates_dbus_backup/updates/run/install/updates/blivet/populator/helpers/luks.py
E0712(catching-non-exception):106,20: LUKSFormatPopulator.run: Catching an exception which doesn't inherit from Exception: CryptoError
************* Module /home/mkolman/devel/anaconda/updates_dbus_backup/updates/run/install/updates/blivet/populator/helpers/mdraid.py
E0712(catching-non-exception): 89,19: MDDevicePopulator.run: Catching an exception which doesn't inherit from Exception: MDRaidError
E1101(no-member): 88,16: MDDevicePopulator.run: Instance of 'int' has no 'deactivate' member
E0712(catching-non-exception):118,15: MDFormatPopulator.run: Catching an exception which doesn't inherit from Exception: MDRaidError
E1101(no-member):117,22: MDFormatPopulator.run: Instance of 'int' has no 'examine' member
************* Module /home/mkolman/devel/anaconda/updates_dbus_backup/updates/run/install/updates/blivet/populator/helpers/disk.py
E1101(no-member):151,30: MDBiosRaidDevicePopulator._get_kwargs: Instance of 'int' has no 'node_from_name' member
************* Module /home/mkolman/devel/anaconda/updates_dbus_backup/updates/run/install/updates/blivet/populator/helpers/dmraid.py
E1101(no-member): 56,19: DMRaidFormatPopulator.run: Instance of 'int' has no 'get_member_raid_sets' member
E1101(no-member): 69,16: DMRaidFormatPopulator.run: Instance of 'int' has no 'activate_raid_set' member
************* Module /home/mkolman/devel/anaconda/updates_dbus_backup/updates/run/install/updates/blivet/populator/helpers/lvm.py
E1101(no-member):201,30: LVMFormatPopulator._update_lvs.add_lv: Instance of 'int' has no 'lvorigin' member
E1101(no-member):232,28: LVMFormatPopulator._update_lvs.add_lv: Instance of 'int' has no 'thlvpoolname' member
E1101(no-member):236,30: LVMFormatPopulator._update_lvs.add_lv: Instance of 'int' has no 'lvorigin' member
E0712(catching-non-exception):268,27: LVMFormatPopulator._update_lvs.add_lv: Catching an exception which doesn't inherit from Exception: LVMError
************* Module /home/mkolman/devel/anaconda/updates_dbus_backup/updates/run/install/updates/blivet/devices/partition.py
E0712(catching-non-exception):796,23: PartitionDevice._post_destroy: Catching an exception which doesn't inherit from Exception: DMError
E1101(no-member):795,20: PartitionDevice._post_destroy: Instance of 'int' has no 'remove' member
************* Module /home/mkolman/devel/anaconda/updates_dbus_backup/updates/run/install/updates/blivet/devices/md.py
E0712(catching-non-exception):159,19: MDRaidArrayDevice.mdadm_format_uuid: Catching an exception which doesn't inherit from Exception: MDRaidError
E1101(no-member):158,33: MDRaidArrayDevice.mdadm_format_uuid: Instance of 'int' has no 'get_md_uuid' member
E1101(no-member):249,15: MDRaidArrayDevice.get_superblock_size: Instance of 'int' has no 'get_superblock_size' member
E0712(catching-non-exception):263,20: MDRaidArrayDevice.size: Catching an exception which doesn't inherit from Exception: MDRaidError
E1101(no-member):488,8: MDRaidArrayDevice._setup: Instance of 'int' has no 'activate' member
E1101(no-member):513,12: MDRaidArrayDevice.teardown: Instance of 'int' has no 'deactivate' member
E1101(no-member):532,15: MDRaidArrayDevice._post_create: Instance of 'int' has no 'detail' member
E1101(no-member):545,8: MDRaidArrayDevice._create: Instance of 'int' has no 'create' member
E1101(no-member):555,8: MDRaidArrayDevice._remove: Instance of 'int' has no 'remove' member
E1101(no-member):570,39: MDRaidArrayDevice._add: Instance of 'int' has no 'detail' member
E1101(no-member):574,8: MDRaidArrayDevice._add: Instance of 'int' has no 'add' member
************* Module /home/mkolman/devel/anaconda/updates_dbus_backup/updates/run/install/updates/blivet/devices/btrfs.py
E0712(catching-non-exception):347,23: BTRFSVolumeDevice.list_subvolumes: Catching an exception which doesn't inherit from Exception: BtrfsError
E1101(no-member):345,30: BTRFSVolumeDevice.list_subvolumes: Instance of 'int' has no 'list_subvolumes' member
E0712(catching-non-exception):365,19: BTRFSVolumeDevice._get_default_subvolume_id: Catching an exception which doesn't inherit from Exception: BtrfsError
E1101(no-member):364,27: BTRFSVolumeDevice._get_default_subvolume_id: Instance of 'int' has no 'get_default_subvolume_id' member
E0712(catching-non-exception):378,19: BTRFSVolumeDevice._set_default_subvolume_id: Catching an exception which doesn't inherit from Exception: BtrfsError
E1101(no-member):377,16: BTRFSVolumeDevice._set_default_subvolume_id: Instance of 'int' has no 'set_default_subvolume' member
E1101(no-member):420,8: BTRFSVolumeDevice._create: Instance of 'int' has no 'create_volume' member
E1101(no-member):446,12: BTRFSVolumeDevice._remove: Instance of 'int' has no 'remove_device' member
E1101(no-member):451,12: BTRFSVolumeDevice._add: Instance of 'int' has no 'add_device' member
E1101(no-member):540,12: BTRFSSubVolumeDevice._create: Instance of 'int' has no 'create_subvolume' member
E1101(no-member):554,12: BTRFSSubVolumeDevice._destroy: Instance of 'int' has no 'delete_subvolume' member
E1101(no-member):644,12: BTRFSSnapShotDevice._create: Instance of 'int' has no 'create_snapshot' member
************* Module /home/mkolman/devel/anaconda/updates_dbus_backup/updates/run/install/updates/blivet/devices/disk.py
E1101(no-member):263,8: DMRaidArrayDevice.deactivate: Instance of 'int' has no 'deactivate_raid_set' member
E1101(no-member):269,8: DMRaidArrayDevice.activate: Instance of 'int' has no 'activate_raid_set' member
E1101(no-member):295,38: DMRaidArrayDevice.description: Instance of 'int' has no 'get_raid_set_type' member
************* Module /home/mkolman/devel/anaconda/updates_dbus_backup/updates/run/install/updates/blivet/devices/loop.py
E1101(no-member): 84,15: LoopDevice.update_name: Instance of 'int' has no 'get_loop_name' member
E1101(no-member): 94,16: LoopDevice.status: Instance of 'int' has no 'get_loop_name' member
E1101(no-member):109,8: LoopDevice._setup: Instance of 'int' has no 'setup' member
E1101(no-member):120,8: LoopDevice._teardown: Instance of 'int' has no 'teardown' member
************* Module /home/mkolman/devel/anaconda/updates_dbus_backup/updates/run/install/updates/blivet/devices/lvm.py
E1101(no-member): 93,45: LVMVolumeGroupDevice.get_supported_pe_sizes: Instance of 'int' has no 'get_supported_pe_sizes' member
E1101(no-member):239,8: LVMVolumeGroupDevice._teardown: Instance of 'int' has no 'vgdeactivate' member
E1101(no-member):245,8: LVMVolumeGroupDevice._create: Instance of 'int' has no 'vgcreate' member
E1101(no-member):269,8: LVMVolumeGroupDevice._destroy: Instance of 'int' has no 'vgreduce' member
E1101(no-member):270,8: LVMVolumeGroupDevice._destroy: Instance of 'int' has no 'vgdeactivate' member
E1101(no-member):271,8: LVMVolumeGroupDevice._destroy: Instance of 'int' has no 'vgremove' member
E1101(no-member):283,12: LVMVolumeGroupDevice._remove: Instance of 'int' has no 'pvmove' member
E1101(no-member):284,8: LVMVolumeGroupDevice._remove: Instance of 'int' has no 'vgreduce' member
E1101(no-member):291,8: LVMVolumeGroupDevice._add: Instance of 'int' has no 'vgextend' member
E1101(no-member):848,15: LVMLogicalVolumeBase.get_dm_node: Instance of 'int' has no 'node_from_name' member
E1101(no-member):912,8: LVMLogicalVolumeBase._teardown: Instance of 'int' has no 'lvdeactivate' member
E1101(no-member):1309,8: LVMSnapshotMixin.merge: Instance of 'int' has no 'lvsnapshotmerge' member
E1101(no-member):1353,8: LVMSnapshotMixin._setup: Instance of 'int' has no 'lvactivate' member
E1101(no-member):1364,12: LVMSnapshotMixin._create: Instance of 'int' has no 'lvsnapshotcreate' member
E1101(no-member):1372,12: LVMSnapshotMixin._create: Instance of 'int' has no 'thsnapshotcreate' member
E1101(no-member):1388,8: LVMSnapshotMixin._destroy: Instance of 'int' has no 'lvremove' member
E1101(no-member):1425,39: LVMThinPoolMixin._init_check: Instance of 'int' has no 'is_valid_thpool_md_size' member
E1101(no-member):1428,36: LVMThinPoolMixin._init_check: Instance of 'int' has no 'is_valid_thpool_chunk_size' member
E1101(no-member):1519,35: LVMThinPoolMixin.autoset_md_size: Instance of 'int' has no 'get_thpool_meta_size' member
E1101(no-member):1552,12: LVMThinPoolMixin._create: Instance of 'int' has no 'thpool_convert' member
E1101(no-member):1555,12: LVMThinPoolMixin._create: Instance of 'int' has no 'thpoolcreate' member
E1101(no-member):1650,8: LVMThinLogicalVolumeMixin._create: Instance of 'int' has no 'thlvcreate' member
E1101(no-member):1956,8: LVMLogicalVolumeDevice._setup: Instance of 'int' has no 'lvactivate' member
E0712(catching-non-exception):1964,15: LVMLogicalVolumeDevice._pre_create: Catching an exception which doesn't inherit from Exception: LVMError
E1101(no-member):1963,22: LVMLogicalVolumeDevice._pre_create: Instance of 'int' has no 'vginfo' member
E1101(no-member):1990,12: LVMLogicalVolumeDevice._create: Instance of 'int' has no 'lvcreate' member
E1101(no-member):1993,19: LVMLogicalVolumeDevice._create: Instance of 'int' has no 'cache_get_mode_from_str' member
E1101(no-member):2014,12: LVMLogicalVolumeDevice._create: Instance of 'int' has no 'cache_create_cached_lv' member
E1101(no-member):2035,8: LVMLogicalVolumeDevice._destroy: Instance of 'int' has no 'lvremove' member
E1101(no-member):2050,8: LVMLogicalVolumeDevice.resize: Instance of 'int' has no 'lvresize' member
E1101(no-member):2144,8: LVMLogicalVolumeDevice.attach_cache: Instance of 'int' has no 'cache_attach' member
E1101(no-member):2177,35: LVMCache.__init__: Instance of 'int' has no 'cache_get_default_md_size' member
E1101(no-member):2246,33: LVMCache.stats: Instance of 'int' has no 'cache_stats' member
E1101(no-member):2255,20: LVMCache.mode: Instance of 'int' has no 'cache_stats' member
E1101(no-member):2256,19: LVMCache.mode: Instance of 'int' has no 'cache_get_mode_str' member
E1101(no-member):2269,39: LVMCache.cache_device_name: Instance of 'int' has no 'cache_pool_name' member
E1101(no-member):2288,14: LVMCache.detach: Instance of 'int' has no 'cache_pool_name' member
E1101(no-member):2289,8: LVMCache.detach: Instance of 'int' has no 'cache_detach' member
************* Module /home/mkolman/devel/anaconda/updates_dbus_backup/updates/run/install/updates/blivet/devices/dm.py
E0712(catching-non-exception):114,15: DMDevice.status: Catching an exception which doesn't inherit from Exception: DMError
E1101(no-member):113,19: DMDevice.status: Instance of 'int' has no 'map_exists' member
E1101(no-member):129,15: DMDevice.get_dm_node: Instance of 'int' has no 'node_from_name' member
E1101(no-member):147,16: DMDevice.teardown_partitions: Instance of 'int' has no 'remove' member
E1101(no-member):198,8: DMLinearDevice._setup: Instance of 'int' has no 'create_linear' member
E1101(no-member):209,8: DMLinearDevice._teardown: Instance of 'int' has no 'remove' member
************* Module /home/mkolman/devel/anaconda/updates_dbus_backup/updates/run/install/updates/blivet/devices/__init__.py
W0611(unused-import): 22,0: : Unused device_path_to_name imported from lib
W0611(unused-import): 22,0: : Unused device_name_to_disk_by_path imported from lib
W0611(unused-import): 22,0: : Unused ParentList imported from lib
W0611(unused-import): 23,0: : Unused Device imported from device
W0611(unused-import): 24,0: : Unused StorageDevice imported from storage
W0611(unused-import): 25,0: : Unused DiskDevice imported from disk
W0611(unused-import): 25,0: : Unused DiskFile imported from disk
W0611(unused-import): 25,0: : Unused DMRaidArrayDevice imported from disk
W0611(unused-import): 25,0: : Unused MultipathDevice imported from disk
W0611(unused-import): 25,0: : Unused iScsiDiskDevice imported from disk
W0611(unused-import): 25,0: : Unused FcoeDiskDevice imported from disk
W0611(unused-import): 25,0: : Unused DASDDevice imported from disk
W0611(unused-import): 25,0: : Unused ZFCPDiskDevice imported from disk
W0611(unused-import): 26,0: : Unused PartitionDevice imported from partition
W0611(unused-import): 27,0: : Unused DMDevice imported from dm
W0611(unused-import): 27,0: : Unused DMLinearDevice imported from dm
W0611(unused-import): 27,0: : Unused DMCryptDevice imported from dm
W0611(unused-import): 27,0: : Unused DM_MAJORS imported from dm
W0611(unused-import): 28,0: : Unused LUKSDevice imported from luks
W0611(unused-import): 29,0: : Unused LVMVolumeGroupDevice imported from lvm
W0611(unused-import): 29,0: : Unused LVMLogicalVolumeDevice imported from lvm
W0611(unused-import): 30,0: : Unused MDBiosRaidArrayDevice imported from md
W0611(unused-import): 30,0: : Unused MDContainerDevice imported from md
W0611(unused-import): 30,0: : Unused MDRaidArrayDevice imported from md
W0611(unused-import): 30,0: : Unused MD_MAJORS imported from md
W0611(unused-import): 31,0: : Unused BTRFSDevice imported from btrfs
W0611(unused-import): 31,0: : Unused BTRFSVolumeDevice imported from btrfs
W0611(unused-import): 31,0: : Unused BTRFSSubVolumeDevice imported from btrfs
W0611(unused-import): 31,0: : Unused BTRFSSnapShotDevice imported from btrfs
W0611(unused-import): 32,0: : Unused FileDevice imported from file
W0611(unused-import): 32,0: : Unused DirectoryDevice imported from file
W0611(unused-import): 32,0: : Unused SparseFileDevice imported from file
W0611(unused-import): 33,0: : Unused LoopDevice imported from loop
W0611(unused-import): 34,0: : Unused OpticalDevice imported from optical
W0611(unused-import): 35,0: : Unused NoDevice imported from nodev
W0611(unused-import): 35,0: : Unused TmpFSDevice imported from nodev
W0611(unused-import): 36,0: : Unused NetworkStorageDevice imported from network
W0611(unused-import): 37,0: : Unused NFSDevice imported from nfs
************* Module /home/mkolman/devel/anaconda/updates_dbus_backup/updates/run/install/updates/blivet/tasks/dfresize.py
W0223(abstract-method): 29,0: DFResizeTask: Method 'do_task' is abstract in class 'Task' but is not overridden
************* Module /home/mkolman/devel/anaconda/updates_dbus_backup/updates/run/install/updates/blivet/tasks/fsck.py
W0221(arguments-differ): 70,4: FSCK.do_task: Parameters differ from overridden 'do_task' method
W0223(abstract-method):151,0: UnimplementedFSCK: Method 'do_task' is abstract in class 'UnimplementedTask' but is not overridden
************* Module /home/mkolman/devel/anaconda/updates_dbus_backup/updates/run/install/updates/blivet/tasks/fsinfo.py
W0221(arguments-differ): 53,4: FSInfo.do_task: Parameters differ from overridden 'do_task' method
W0223(abstract-method):101,0: UnimplementedFSInfo: Method 'do_task' is abstract in class 'UnimplementedTask' but is not overridden
************* Module /home/mkolman/devel/anaconda/updates_dbus_backup/updates/run/install/updates/blivet/tasks/fsminsize.py
W0221(arguments-differ): 66,4: FSMinSize.do_task: Parameters differ from overridden 'do_task' method
W0223(abstract-method):178,0: UnimplementedFSMinSize: Method 'do_task' is abstract in class 'UnimplementedTask' but is not overridden
************* Module /home/mkolman/devel/anaconda/updates_dbus_backup/updates/run/install/updates/blivet/tasks/fsreadlabel.py
W0221(arguments-differ): 72,4: FSReadLabel.do_task: Parameters differ from overridden 'do_task' method
W0223(abstract-method):127,0: UnimplementedFSReadLabel: Method 'do_task' is abstract in class 'UnimplementedTask' but is not overridden
************* Module /home/mkolman/devel/anaconda/updates_dbus_backup/updates/run/install/updates/blivet/tasks/fsresize.py
W0223(abstract-method): 36,0: FSResizeTask: Method 'do_task' is abstract in class 'Task' but is not overridden
W0221(arguments-differ): 65,4: FSResize.do_task: Parameters differ from overridden 'do_task' method
************* Module /home/mkolman/devel/anaconda/updates_dbus_backup/updates/run/install/updates/blivet/tasks/fssize.py
W0221(arguments-differ): 60,4: FSSize.do_task: Parameters differ from overridden 'do_task' method
W0221(arguments-differ):135,4: TmpFSSize.do_task: Parameters differ from overridden 'do_task' method
W0223(abstract-method):154,0: UnimplementedFSSize: Method 'do_task' is abstract in class 'UnimplementedTask' but is not overridden
************* Module /home/mkolman/devel/anaconda/updates_dbus_backup/updates/run/install/updates/blivet/tasks/fssync.py
W0221(arguments-differ): 42,4: FSSync.do_task: Parameters differ from overridden 'do_task' method
W0223(abstract-method): 81,0: UnimplementedFSSync: Method 'do_task' is abstract in class 'UnimplementedTask' but is not overridden
************* Module /home/mkolman/devel/anaconda/updates_dbus_backup/updates/run/install/updates/blivet/tasks/fstask.py
W0223(abstract-method): 29,0: FSTask: Method 'do_task' is abstract in class 'Task' but is not overridden
W0223(abstract-method): 45,0: UnimplementedFSTask: Method 'do_task' is abstract in class 'UnimplementedTask' but is not overridden
************* Module /home/mkolman/devel/anaconda/updates_dbus_backup/updates/run/install/updates/blivet/tasks/fswritelabel.py
W0221(arguments-differ): 54,4: FSWriteLabel.do_task: Parameters differ from overridden 'do_task' method
W0223(abstract-method):112,0: UnimplementedFSWriteLabel: Method 'do_task' is abstract in class 'UnimplementedTask' but is not overridden
************* Module /home/mkolman/devel/anaconda/updates_dbus_backup/updates/run/install/updates/blivet/tasks/task.py
W0223(abstract-method): 85,0: BasicApplication: Method 'do_task' is abstract in class 'Task' but is not overridden
************* Module /home/mkolman/devel/anaconda/updates_dbus_backup/updates/run/install/updates/blivet/tasks/lukstasks.py
W0221(arguments-differ): 52,4: LUKSSize.do_task: Parameters differ from overridden 'do_task' method
E0712(catching-non-exception): 63,15: LUKSSize.do_task: Catching an exception which doesn't inherit from Exception: DMError
E1101(no-member): 61,21: LUKSSize.do_task: Instance of 'int' has no 'node_from_name' member
W0221(arguments-differ): 86,4: LUKSResize.do_task: Parameters differ from overridden 'do_task' method
E0712(catching-non-exception): 90,15: LUKSResize.do_task: Catching an exception which doesn't inherit from Exception: CryptoError
E1101(no-member): 89,12: LUKSResize.do_task: Instance of 'int' has no 'luks_resize' member
************* Module /home/mkolman/devel/anaconda/updates_dbus_backup/updates/run/install/updates/blivet/tasks/pvtask.py
W0221(arguments-differ): 49,4: PVSize.do_task: Parameters differ from overridden 'do_task' method
E0712(catching-non-exception): 60,15: PVSize.do_task: Catching an exception which doesn't inherit from Exception: LVMError
E1101(no-member): 58,22: PVSize.do_task: Instance of 'int' has no 'pvinfo' member
************* Module /home/mkolman/devel/anaconda/updates_dbus_backup/updates/run/install/updates/blivet/tasks/fsmkfs.py
W0223(abstract-method): 35,0: FSMkfsTask: Method 'do_task' is abstract in class 'Task' but is not overridden
W0223(abstract-method):301,0: UnimplementedFSMkfs: Method 'do_task' is abstract in class 'UnimplementedTask' but is not overridden
************* Module /home/mkolman/devel/anaconda/updates_dbus_backup/updates/run/install/updates/blivet/tasks/availability.py
E0712(catching-non-exception):168,15: VersionMethod.availability_errors: Catching an exception which doesn't inherit from Exception: UtilsError
E1101(no-member):159,18: VersionMethod.availability_errors: Instance of 'int' has no 'check_util_version' member
************* Module /home/mkolman/devel/anaconda/updates_dbus_backup/updates/run/install/updates/blivet/tasks/fswriteuuid.py
W0221(arguments-differ): 33,4: FSWriteUUID.do_task: Parameters differ from overridden 'do_task' method
W0223(abstract-method): 84,0: UnimplementedFSWriteUUID: Method 'do_task' is abstract in class 'UnimplementedTask' but is not overridden
************* Module /home/mkolman/devel/anaconda/updates_dbus_backup/updates/run/install/updates/blivet/static_data/__init__.py
W0611(unused-import):  1,0: : Unused lvs_info imported from lvm_info
W0611(unused-import):  1,0: : Unused pvs_info imported from lvm_info
W0611(unused-import):  2,0: : Unused luks_data imported from luks_data
W0611(unused-import):  3,0: : Unused mpath_members imported from mpath_info
************* Module /home/mkolman/devel/anaconda/updates_dbus_backup/updates/run/install/updates/blivet/static_data/lvm_info.py
E1101(no-member): 41,22: LVsInfo.cache: Instance of 'int' has no 'lvs' member
E1101(no-member): 68,22: PVsInfo.cache: Instance of 'int' has no 'pvs' member
E0712(catching-non-exception): 81,27: PVsInfo.cache: Catching an exception which doesn't inherit from Exception: MDRaidError
E1101(no-member): 79,34: PVsInfo.cache: Instance of 'int' has no 'node_from_name' member
E0712(catching-non-exception): 87,27: PVsInfo.cache: Catching an exception which doesn't inherit from Exception: MDRaidError
************* Module /home/mkolman/devel/anaconda/updates_dbus_backup/updates/run/install/updates/blivet/static_data/mpath_info.py
E1101(no-member): 44,32: MpathMembers.is_mpath_member: Instance of 'int' has no 'get_mpath_members' member
E1101(no-member): 59,11: MpathMembers.update_cache: Instance of 'int' has no 'is_mpath_member' member
************* Module /home/mkolman/devel/anaconda/updates_dbus_backup/updates/run/install/updates/blivet/devicelibs/lvm.py
E1101(no-member): 99,4: _set_global_config: Instance of 'int' has no 'set_global_config' member
************* Module /home/mkolman/devel/anaconda/updates_dbus_backup/updates/run/install/updates/blivet/formats/__init__.py
W0611(unused-import): 27,0: : Unused BlockDev imported from gi.repository as blockdev
W0611(unused-import): 30,0: : Unused import importlib
W0611(unused-import): 33,0: : Unused get_sysfs_path_by_name imported from util
W0611(unused-import): 41,0: : Unused flags imported from flags
W0611(unused-import): 48,0: : Unused fsck imported from tasks
W0611(unused-import):740,0: : Unused import biosboot
W0611(unused-import):740,0: : Unused import disklabel
W0611(unused-import):740,0: : Unused import dmraid
W0611(unused-import):740,0: : Unused import fslib
W0611(unused-import):740,0: : Unused import fs
W0611(unused-import):740,0: : Unused import luks
W0611(unused-import):740,0: : Unused import lvmpv
W0611(unused-import):740,0: : Unused import mdraid
W0611(unused-import):740,0: : Unused import multipath
W0611(unused-import):740,0: : Unused import prepboot
W0611(unused-import):740,0: : Unused import swap
************* Module /home/mkolman/devel/anaconda/updates_dbus_backup/updates/run/install/updates/blivet/formats/lvmpv.py
E1101(no-member):125,8: LVMPhysicalVolume._create: Instance of 'int' has no 'pvcreate' member
E0712(catching-non-exception):132,15: LVMPhysicalVolume._destroy: Catching an exception which doesn't inherit from Exception: LVMError
E1101(no-member):131,12: LVMPhysicalVolume._destroy: Instance of 'int' has no 'pvremove' member
E1101(no-member):163,26: LVMPhysicalVolume.free: Instance of 'int' has no 'pvinfo' member
************* Module /home/mkolman/devel/anaconda/updates_dbus_backup/updates/run/install/updates/blivet/formats/mdraid.py
E1101(no-member): 92,8: MDRaidMember._destroy: Instance of 'int' has no 'destroy' member
************* Module /home/mkolman/devel/anaconda/updates_dbus_backup/updates/run/install/updates/blivet/formats/disklabel.py
E1101(no-member):254,15: DiskLabel._get_best_label_type: Instance of 'int' has no 'dasd_is_fba' member
************* Module /home/mkolman/devel/anaconda/updates_dbus_backup/updates/run/install/updates/blivet/formats/swap.py
E1101(no-member):160,31: SwapSpace.status: Instance of 'int' has no 'swapstatus' member
E1101(no-member):165,8: SwapSpace._setup: Instance of 'int' has no 'swapon' member
E1101(no-member):171,8: SwapSpace._teardown: Instance of 'int' has no 'swapoff' member
E1101(no-member):177,12: SwapSpace._create: Instance of 'int' has no 'mkswap' member
E1101(no-member):181,12: SwapSpace._create: Instance of 'int' has no 'mkswap' member
************* Module /home/mkolman/devel/anaconda/updates_dbus_backup/updates/run/install/updates/blivet/formats/luks.py
E0712(catching-non-exception):228,15: LUKS._setup: Catching an exception which doesn't inherit from Exception: CryptoError
E1101(no-member):225,12: LUKS._setup: Instance of 'int' has no 'luks_open' member
E1101(no-member):236,8: LUKS._teardown: Instance of 'int' has no 'luks_close' member
E1101(no-member):248,8: LUKS._create: Instance of 'int' has no 'luks_format' member
E1101(no-member):257,20: LUKS._post_create: Instance of 'int' has no 'luks_uuid' member
E1101(no-member):281,8: LUKS.add_passphrase: Instance of 'int' has no 'luks_add_key' member
E1101(no-member):298,8: LUKS.remove_passphrase: Instance of 'int' has no 'luks_remove_key' member
E1101(no-member):304,8: LUKS.escrow: Instance of 'int' has no 'escrow_device' member
************* Module /home/mkolman/devel/anaconda/updates_dbus_backup/updates/run/install/updates/pyanaconda/bootloader.py
E1101(no-member):364,15: BootLoader.disklabel_types: Class 'DiskLabel' has no 'get_platform_label_types' member
************* Module /home/mkolman/devel/anaconda/updates_dbus_backup/updates/run/install/updates/pyanaconda/network.py
E1101(no-member):135,16: getIPs: Module 'dbus' has no 'DBusException' member
************* Module /home/mkolman/devel/anaconda/updates_dbus_backup/updates/run/install/updates/pyanaconda/kickstart.py
E1101(no-member):642,52: ClearPart.parse: Class 'DiskLabel' has no 'get_platform_label_types' member
E1101(no-member):684,19: ClearPart.execute: Class 'DiskLabel' has no 'set_default_label_type' member
E1101(no-member):686,93: ClearPart.execute: Class 'DiskLabel' has no 'get_platform_label_types' member
************* Module /home/mkolman/devel/anaconda/updates_dbus_backup/updates/run/install/updates/pyanaconda/storage/autopart.py
E0611(no-name-in-module): 30,0: : No name 'DEFAULT_THPOOL_RESERVE' in module 'blivet.devices.lvm'
************* Module /home/mkolman/devel/anaconda/updates_dbus_backup/updates/run/install/updates/pyanaconda/ui/gui/spokes/storage.py
E0611(no-name-in-module): 46,0: : No name 'AnacondaWidgets' in module 'gi.repository'
E1101(no-member):951,30: StorageSpoke._check_space_and_get_dialog: Class 'DiskLabel' has no 'get_platform_label_types' member
************* Module /home/mkolman/devel/anaconda/updates/usr/share/anaconda/addons/com_redhat_kdump/__init__.py
F0001(fatal):  1,0: : No module named updates/usr/share/anaconda/addons/com_redhat_kdump/__init__.py
************* Module /home/mkolman/devel/anaconda/updates/usr/share/anaconda/addons/com_redhat_kdump/common.py
F0001(fatal):  1,0: : No module named updates/usr/share/anaconda/addons/com_redhat_kdump/common.py
************* Module /home/mkolman/devel/anaconda/updates/usr/share/anaconda/addons/com_redhat_kdump/constants.py
F0001(fatal):  1,0: : No module named updates/usr/share/anaconda/addons/com_redhat_kdump/constants.py
************* Module /home/mkolman/devel/anaconda/updates/usr/share/anaconda/addons/com_redhat_kdump/i18n.py
F0001(fatal):  1,0: : No module named updates/usr/share/anaconda/addons/com_redhat_kdump/i18n.py
************* Module /home/mkolman/devel/anaconda/updates/usr/share/anaconda/addons/com_redhat_kdump/gui/__init__.py
F0001(fatal):  1,0: : No module named updates/usr/share/anaconda/addons/com_redhat_kdump/gui/__init__.py
************* Module /home/mkolman/devel/anaconda/updates/usr/share/anaconda/addons/com_redhat_kdump/gui/spokes/__init__.py
F0001(fatal):  1,0: : No module named updates/usr/share/anaconda/addons/com_redhat_kdump/gui/spokes/__init__.py
************* Module /home/mkolman/devel/anaconda/updates/usr/share/anaconda/addons/com_redhat_kdump/gui/spokes/kdump.py
F0001(fatal):  1,0: : No module named updates/usr/share/anaconda/addons/com_redhat_kdump/gui/spokes/kdump.py
************* Module /home/mkolman/devel/anaconda/updates/usr/share/anaconda/addons/com_redhat_kdump/ks/__init__.py
F0001(fatal):  1,0: : No module named updates/usr/share/anaconda/addons/com_redhat_kdump/ks/__init__.py
************* Module /home/mkolman/devel/anaconda/updates_dbus_backup/updates/run/install/updates/pyanaconda/ui/gui/spokes/custom_storage.py
E0611(no-name-in-module): 35,0: : No name 'AnacondaWidgets' in module 'gi.repository'
E0401(import-error): 35,0: : Unable to import 'gi.repository.AnacondaWidgets'
************* Module /home/mkolman/devel/anaconda/updates/usr/share/anaconda/addons/com_redhat_kdump/ks/kdump.py
F0001(fatal):  1,0: : No module named updates/usr/share/anaconda/addons/com_redhat_kdump/ks/kdump.py
************* Module /home/mkolman/devel/anaconda/updates_dbus_backup/updates/run/install/updates/pyanaconda/ui/tui/spokes/storage.py
E0611(no-name-in-module): 54,0: : No name 'EntryWidget' in module 'simpleline.render.widgets'
************* Module /home/mkolman/devel/anaconda/updates/usr/share/anaconda/addons/com_redhat_kdump/tui/__init__.py
F0001(fatal):  1,0: : No module named updates/usr/share/anaconda/addons/com_redhat_kdump/tui/__init__.py
************* Module /home/mkolman/devel/anaconda/updates/usr/share/anaconda/addons/com_redhat_kdump/tui/spokes/kdump.py
F0001(fatal):  1,0: : No module named updates/usr/share/anaconda/addons/com_redhat_kdump/tui/spokes/kdump.py
************* Module /home/mkolman/devel/anaconda/updates/usr/share/anaconda/addons/com_redhat_kdump/tui/spokes/__init__.py
F0001(fatal):  1,0: : No module named updates/usr/share/anaconda/addons/com_redhat_kdump/tui/spokes/__init__.py
************* Module /home/mkolman/devel/anaconda/updates/usr/sbin/anaconda
E1101(no-member):642,12: : Instance of 'InstallerStorage' has no 'disk_images' member
************* Module /home/mkolman/devel/anaconda/updates/run/install/updates/pyanaconda/pwpolicy.py
F0001(fatal):  1,0: : No module named updates/run/install/updates/pyanaconda/pwpolicy.py
************* Module /home/mkolman/devel/anaconda/updates/run/install/updates/pyanaconda/kickstart.py
E1101(no-member):643,52: ClearPart.parse: Class 'DiskLabel' has no 'get_platform_label_types' member
E1101(no-member):685,19: ClearPart.execute: Class 'DiskLabel' has no 'set_default_label_type' member
E1101(no-member):687,93: ClearPart.execute: Class 'DiskLabel' has no 'get_platform_label_types' member
************* Module /home/mkolman/devel/anaconda/updates/run/install/updates/pyanaconda/ui/gui/__init__.py
E0611(no-name-in-module): 20,0: : No name 'gui' in module 'meh.ui'
E0401(import-error): 20,0: : Unable to import 'meh.ui.gui'
E0611(no-name-in-module): 33,0: : No name 'AnacondaWidgets' in module 'gi.repository'
E0611(no-name-in-module): 33,0: : No name 'Keybinder' in module 'gi.repository'
E1101(no-member):1031,38: GraphicalExceptionHandlingIface: Module 'meh.ui' has no 'gui' member
E1101(no-member):1045,8: GraphicalExceptionHandlingIface.__init__: Module 'meh.ui' has no 'gui' member
E1101(no-member):1050,19: GraphicalExceptionHandlingIface.mainExceptionWindow: Module 'meh.ui' has no 'gui' member
************* Module /home/mkolman/devel/anaconda/updates/run/install/updates/pyanaconda/ui/gui/spokes/datetime_spoke.py
E0611(no-name-in-module): 29,0: : No name 'TimezoneMap' in module 'gi.repository'
************* Module /home/mkolman/devel/anaconda/updates/run/install/updates/pyanaconda/ui/tui/tuiobject.py
E0611(no-name-in-module): 28,0: : No name 'GetInputScreen' in module 'simpleline.render.adv_widgets'
E0611(no-name-in-module): 28,0: : No name 'GetPasswordInputScreen' in module 'simpleline.render.adv_widgets'
************* Module /home/mkolman/devel/anaconda/updates/run/install/updates/pyanaconda/ui/tui/spokes/user.py
E0611(no-name-in-module): 34,0: : No name 'EntryWidget' in module 'simpleline.render.widgets'
************* Module /home/mkolman/devel/anaconda/updates/run/install/updates/pyanaconda/ui/tui/spokes/installation_source.py
E0611(no-name-in-module): 39,0: : No name 'EntryWidget' in module 'simpleline.render.widgets'
************* Module /home/mkolman/devel/anaconda/updates/run/install/updates/pykickstart/commands/__init__.py
W0611(unused-import): 20,0: : Unused authconfig imported from pykickstart.commands
W0611(unused-import): 20,0: : Unused autopart imported from pykickstart.commands
W0611(unused-import): 20,0: : Unused autostep imported from pykickstart.commands
W0611(unused-import): 20,0: : Unused bootloader imported from pykickstart.commands
W0611(unused-import): 20,0: : Unused btrfs imported from pykickstart.commands
W0611(unused-import): 20,0: : Unused clearpart imported from pykickstart.commands
W0611(unused-import): 20,0: : Unused cdrom imported from pykickstart.commands
W0611(unused-import): 20,0: : Unused device imported from pykickstart.commands
W0611(unused-import): 20,0: : Unused deviceprobe imported from pykickstart.commands
W0611(unused-import): 20,0: : Unused displaymode imported from pykickstart.commands
W0611(unused-import): 20,0: : Unused dmraid imported from pykickstart.commands
W0611(unused-import): 20,0: : Unused driverdisk imported from pykickstart.commands
W0611(unused-import): 20,0: : Unused eula imported from pykickstart.commands
W0611(unused-import): 20,0: : Unused fcoe imported from pykickstart.commands
W0611(unused-import): 20,0: : Unused firewall imported from pykickstart.commands
W0611(unused-import): 20,0: : Unused firstboot imported from pykickstart.commands
W0611(unused-import): 20,0: : Unused group imported from pykickstart.commands
W0611(unused-import): 20,0: : Unused harddrive imported from pykickstart.commands
W0611(unused-import): 20,0: : Unused hmc imported from pykickstart.commands
W0611(unused-import): 20,0: : Unused ignoredisk imported from pykickstart.commands
W0611(unused-import): 20,0: : Unused install imported from pykickstart.commands
W0611(unused-import): 20,0: : Unused interactive imported from pykickstart.commands
W0611(unused-import): 20,0: : Unused iscsi imported from pykickstart.commands
W0611(unused-import): 20,0: : Unused iscsiname imported from pykickstart.commands
W0611(unused-import): 20,0: : Unused key imported from pykickstart.commands
W0611(unused-import): 20,0: : Unused keyboard imported from pykickstart.commands
W0611(unused-import): 20,0: : Unused lang imported from pykickstart.commands
W0611(unused-import): 20,0: : Unused langsupport imported from pykickstart.commands
W0611(unused-import): 20,0: : Unused lilocheck imported from pykickstart.commands
W0611(unused-import): 20,0: : Unused liveimg imported from pykickstart.commands
W0611(unused-import): 20,0: : Unused logging imported from pykickstart.commands
W0611(unused-import): 20,0: : Unused logvol imported from pykickstart.commands
W0611(unused-import): 20,0: : Unused mediacheck imported from pykickstart.commands
W0611(unused-import): 20,0: : Unused method imported from pykickstart.commands
W0611(unused-import): 20,0: : Unused monitor imported from pykickstart.commands
W0611(unused-import): 20,0: : Unused mount imported from pykickstart.commands
W0611(unused-import): 20,0: : Unused mouse imported from pykickstart.commands
W0611(unused-import): 20,0: : Unused multipath imported from pykickstart.commands
W0611(unused-import): 20,0: : Unused network imported from pykickstart.commands
W0611(unused-import): 20,0: : Unused nfs imported from pykickstart.commands
W0611(unused-import): 20,0: : Unused ostreesetup imported from pykickstart.commands
W0611(unused-import): 20,0: : Unused partition imported from pykickstart.commands
W0611(unused-import): 20,0: : Unused raid imported from pykickstart.commands
W0611(unused-import): 20,0: : Unused reqpart imported from pykickstart.commands
W0611(unused-import): 20,0: : Unused realm imported from pykickstart.commands
W0611(unused-import): 20,0: : Unused reboot imported from pykickstart.commands
W0611(unused-import): 20,0: : Unused repo imported from pykickstart.commands
W0611(unused-import): 20,0: : Unused rescue imported from pykickstart.commands
W0611(unused-import): 20,0: : Unused rootpw imported from pykickstart.commands
W0611(unused-import): 20,0: : Unused selinux imported from pykickstart.commands
W0611(unused-import): 20,0: : Unused services imported from pykickstart.commands
W0611(unused-import): 20,0: : Unused skipx imported from pykickstart.commands
W0611(unused-import): 20,0: : Unused snapshot imported from pykickstart.commands
W0611(unused-import): 20,0: : Unused sshpw imported from pykickstart.commands
W0611(unused-import): 20,0: : Unused sshkey imported from pykickstart.commands
W0611(unused-import): 20,0: : Unused timezone imported from pykickstart.commands
W0611(unused-import): 20,0: : Unused updates imported from pykickstart.commands
W0611(unused-import): 20,0: : Unused upgrade imported from pykickstart.commands
W0611(unused-import): 20,0: : Unused url imported from pykickstart.commands
W0611(unused-import): 20,0: : Unused user imported from pykickstart.commands
W0611(unused-import): 20,0: : Unused unsupported_hardware imported from pykickstart.commands
W0611(unused-import): 20,0: : Unused vnc imported from pykickstart.commands
W0611(unused-import): 20,0: : Unused volgroup imported from pykickstart.commands
W0611(unused-import): 20,0: : Unused xconfig imported from pykickstart.commands
W0611(unused-import): 20,0: : Unused zerombr imported from pykickstart.commands
W0611(unused-import): 20,0: : Unused zfcp imported from pykickstart.commands
************* Unused False Positives Found:
^E0401.*: Unable to import 'koji'$
